(0000) 3000  0011000000000000 (  41)                 .ORIG x3000
(3000) 5020  0101000000100000 (  44) MyMain          AND   R0 R0 #0
(3001) 5260  0101001001100000 (  45)                 AND   R1 R1 #0
(3002) 54A0  0101010010100000 (  46)                 AND   R2 R2 #0
(3003) 56E0  0101011011100000 (  47)                 AND   R3 R3 #0
(3004) 5920  0101100100100000 (  48)                 AND   R4 R4 #0
(3005) 5B60  0101101101100000 (  49)                 AND   R5 R5 #0
(3006) 5DA0  0101110110100000 (  50)                 AND   R6 R6 #0
(3007) E094  1110000010010100 (  52)                 LEA   R0 template
(3008) F022  1111000000100010 (  53)                 TRAP  x22
(3009) 20B8  0010000010111000 (  55)                 LD    R0 newLine
(300A) F021  1111000000100001 (  56)                 TRAP  x21
(300B) E0D6  1110000011010110 (  58) ASK             LEA   R0 prompt
(300C) F022  1111000000100010 (  59)                 TRAP  x22
(300D) F020  1111000000100000 (  61) Input           TRAP  x20
(300E) 22F4  0010001011110100 (  63)                 LD    R1 enter
(300F) 1201  0001001000000001 (  64)                 ADD   R1 R0 R1
(3010) 0439  0000010000111001 (  65)                 BRZ   termination
(3011) 22F2  0010001011110010 (  67)                 LD    R1 space
(3012) 1201  0001001000000001 (  68)                 ADD   R1 R0 R1
(3013) 0DF9  0000110111111001 (  69)                 BRNZ  Input
(3014) F021  1111000000100001 (  70)                 TRAP  x21
(3015) 22EF  0010001011101111 (  72)                 LD    R1 spaceadd
(3016) 1201  0001001000000001 (  73)                 ADD   R1 R0 R1
(3017) 042E  0000010000101110 (  74)                 BRZ   AddSpace
(3018) 22ED  0010001011101101 (  77) OtherGroup      LD    R1 grpc
(3019) 1201  0001001000000001 (  78)                 ADD   R1 R0 R1
(301A) 0803  0000100000000011 (  79)                 BRN   Numbers
(301B) 22EB  0010001011101011 (  81)                 LD    R1 grpc1
(301C) 1201  0001001000000001 (  82)                 ADD   R1 R0 R1
(301D) 0C1E  0000110000011110 (  83)                 BRNZ  OtherAdd
(301E) 22E9  0010001011101001 (  85) Numbers         LD    R1 num1
(301F) 1201  0001001000000001 (  86)                 ADD   R1 R0 R1
(3020) 0803  0000100000000011 (  87)                 BRN   OtherGroup1
(3021) 22E7  0010001011100111 (  89)                 LD    R1 num2
(3022) 1201  0001001000000001 (  90)                 ADD   R1 R0 R1
(3023) 0C1A  0000110000011010 (  91)                 BRNZ  NumberAdd
(3024) 22E5  0010001011100101 (  94) OtherGroup1     LD    R1 grpc12
(3025) 1201  0001001000000001 (  95)                 ADD   R1 R0 R1
(3026) 0803  0000100000000011 (  96)                 BRN   UpperCase
(3027) 22EA  0010001011101010 (  98)                 LD    R1 grp21
(3028) 1201  0001001000000001 (  99)                 ADD   R1 R0 R1
(3029) 0C1A  0000110000011010 ( 100)                 BRNZ  AddOther3
(302A) 22E0  0010001011100000 ( 103) UpperCase       LD    R1 grp2
(302B) 1201  0001001000000001 ( 104)                 ADD   R1 R0 R1
(302C) 0803  0000100000000011 ( 105)                 BRN   OtherGroup2
(302D) 22DE  0010001011011110 ( 107)                 LD    R1 upcs1
(302E) 1201  0001001000000001 ( 108)                 ADD   R1 R0 R1
(302F) 0C10  0000110000010000 ( 109)                 BRNZ  UpperAdd
(3030) 22DC  0010001011011100 ( 112) OtherGroup2     LD    R1 grpc3
(3031) 1201  0001001000000001 ( 113)                 ADD   R1 R0 R1
(3032) 0803  0000100000000011 ( 114)                 BRN   LowerCase
(3033) 22DA  0010001011011010 ( 116)                 LD    R1 grpc4
(3034) 1201  0001001000000001 ( 117)                 ADD   R1 R0 R1
(3035) 0C0C  0000110000001100 ( 118)                 BRNZ  AddOther2
(3036) 22D8  0010001011011000 ( 121) LowerCase       LD    R1 lowc
(3037) 1201  0001001000000001 ( 122)                 ADD   R1 R0 R1
(3038) 09D4  0000100111010100 ( 123)                 BRN   Input
(3039) 22D6  0010001011010110 ( 125)                 LD    R1 lowc1
(303A) 1201  0001001000000001 ( 126)                 ADD   R1 R0 R1
(303B) 0C0C  0000110000001100 ( 127)                 BRNZ  AddLower
(303C) 16E1  0001011011100001 ( 132) OtherAdd        ADD   R3 R3 #1
(303D) 0FE0  0000111111100000 ( 133)                 BRNZP Numbers
(303E) 1921  0001100100100001 ( 135) NumberAdd       ADD   R4 R4 #1
(303F) 0FE4  0000111111100100 ( 136)                 BRNZP OtherGroup1
(3040) 1B61  0001101101100001 ( 138) UpperAdd        ADD   R5 R5 #1
(3041) 0FEE  0000111111101110 ( 139)                 BRNZP OtherGroup2
(3042) 16E1  0001011011100001 ( 141) AddOther2       ADD   R3 R3 #1
(3043) 0FF2  0000111111110010 ( 142)                 BRNZP LowerCase
(3044) 16E1  0001011011100001 ( 144) AddOther3       ADD   R3 R3 #1
(3045) 0FC7  0000111111000111 ( 145)                 BRNZP Input
(3046) 1DA1  0001110110100001 ( 147) AddSpace        ADD   R6 R6 #1
(3047) 0FD0  0000111111010000 ( 148)                 BRNZP OtherGroup
(3048) 14A1  0001010010100001 ( 150) AddLower        ADD   R2 R2 #1
(3049) 0FC3  0000111111000011 ( 151)                 BRNZP Input
(304A) 2077  0010000001110111 ( 155) termination     LD    R0 newLine
(304B) F021  1111000000100001 ( 156)                 TRAP  x21
(304C) E0DF  1110000011011111 ( 158) numbercase1     LEA   R0 numberss
(304D) F022  1111000000100010 ( 159)                 TRAP  x22
(304E) 22C4  0010001011000100 ( 160)                 LD    R1 comp
(304F) 1101  0001000100000001 ( 161)                 ADD   R0 R4 R1
(3050) 0606  0000011000000110 ( 162)                 BRZP  display1
(3051) 22C3  0010001011000011 ( 163)                 LD    R1 ascii
(3052) 1101  0001000100000001 ( 164)                 ADD   R0 R4 R1
(3053) F021  1111000000100001 ( 165)                 TRAP  x21
(3054) 206D  0010000001101101 ( 166)                 LD    R0 newLine
(3055) F021  1111000000100001 ( 167)                 TRAP  x21
(3056) 0E04  0000111000000100 ( 168)                 BRNZP uppercase1
(3057) E0ED  1110000011101101 ( 171) display1        LEA   R0 phrase
(3058) F022  1111000000100010 ( 172)                 TRAP  x22
(3059) 2068  0010000001101000 ( 173)                 LD    R0 newLine
(305A) F021  1111000000100001 ( 174)                 TRAP  x21
(305B) E0BA  1110000010111010 ( 177) uppercase1      LEA   R0 upper
(305C) F022  1111000000100010 ( 178)                 TRAP  x22
(305D) 22B5  0010001010110101 ( 179)                 LD    R1 comp
(305E) 1141  0001000101000001 ( 180)                 ADD   R0 R5 R1
(305F) 0606  0000011000000110 ( 181)                 BRZP  display2
(3060) 22B4  0010001010110100 ( 182)                 LD    R1 ascii
(3061) 1141  0001000101000001 ( 183)                 ADD   R0 R5 R1
(3062) F021  1111000000100001 ( 184)                 TRAP  x21
(3063) 205E  0010000001011110 ( 185)                 LD    R0 newLine
(3064) F021  1111000000100001 ( 186)                 TRAP  x21
(3065) 0E04  0000111000000100 ( 187)                 BRNZP lowercase1
(3066) E0DE  1110000011011110 ( 190) display2        LEA   R0 phrase
(3067) F022  1111000000100010 ( 191)                 TRAP  x22
(3068) 2059  0010000001011001 ( 192)                 LD    R0 newLine
(3069) F021  1111000000100001 ( 193)                 TRAP  x21
(306A) E0CB  1110000011001011 ( 196) lowercase1      LEA   R0 lowercs
(306B) F022  1111000000100010 ( 197)                 TRAP  x22
(306C) 22A6  0010001010100110 ( 198)                 LD    R1 comp
(306D) 1081  0001000010000001 ( 199)                 ADD   R0 R2 R1
(306E) 0606  0000011000000110 ( 200)                 BRZP  display3
(306F) 22A5  0010001010100101 ( 201)                 LD    R1 ascii
(3070) 1081  0001000010000001 ( 202)                 ADD   R0 R2 R1
(3071) F021  1111000000100001 ( 203)                 TRAP  x21
(3072) 204F  0010000001001111 ( 204)                 LD    R0 newLine
(3073) F021  1111000000100001 ( 205)                 TRAP  x21
(3074) 0E04  0000111000000100 ( 206)                 BRNZP spaces1
(3075) E0CF  1110000011001111 ( 208) display3        LEA   R0 phrase
(3076) F022  1111000000100010 ( 209)                 TRAP  x22
(3077) 204A  0010000001001010 ( 210)                 LD    R0 newLine
(3078) F021  1111000000100001 ( 211)                 TRAP  x21
(3079) E0A9  1110000010101001 ( 214) spaces1         LEA   R0 spaces
(307A) F022  1111000000100010 ( 215)                 TRAP  x22
(307B) 2297  0010001010010111 ( 216)                 LD    R1 comp
(307C) 1181  0001000110000001 ( 217)                 ADD   R0 R6 R1
(307D) 0606  0000011000000110 ( 218)                 BRZP  display4
(307E) 2296  0010001010010110 ( 219)                 LD    R1 ascii
(307F) 1181  0001000110000001 ( 220)                 ADD   R0 R6 R1
(3080) F021  1111000000100001 ( 221)                 TRAP  x21
(3081) 2040  0010000001000000 ( 222)                 LD    R0 newLine
(3082) F021  1111000000100001 ( 223)                 TRAP  x21
(3083) 0E04  0000111000000100 ( 224)                 BRNZP other
(3084) E0C0  1110000011000000 ( 226) display4        LEA   R0 phrase
(3085) F022  1111000000100010 ( 227)                 TRAP  x22
(3086) 203B  0010000000111011 ( 228)                 LD    R0 newLine
(3087) F021  1111000000100001 ( 229)                 TRAP  x21
(3088) E0C0  1110000011000000 ( 232) other           LEA   R0 otherss
(3089) F022  1111000000100010 ( 233)                 TRAP  x22
(308A) 2288  0010001010001000 ( 234)                 LD    R1 comp
(308B) 10C1  0001000011000001 ( 235)                 ADD   R0 R3 R1
(308C) 0606  0000011000000110 ( 236)                 BRZP  display5
(308D) 2287  0010001010000111 ( 237)                 LD    R1 ascii
(308E) 10C1  0001000011000001 ( 238)                 ADD   R0 R3 R1
(308F) F021  1111000000100001 ( 239)                 TRAP  x21
(3090) 2031  0010000000110001 ( 240)                 LD    R0 newLine
(3091) F021  1111000000100001 ( 241)                 TRAP  x21
(3092) 0E04  0000111000000100 ( 242)                 BRNZP Ok
(3093) E0B1  1110000010110001 ( 244) display5        LEA   R0 phrase
(3094) F022  1111000000100010 ( 245)                 TRAP  x22
(3095) 202C  0010000000101100 ( 246)                 LD    R0 newLine
(3096) F021  1111000000100001 ( 247)                 TRAP  x21
(3097) 202A  0010000000101010 ( 250) Ok              LD    R0 newLine
(3098) F021  1111000000100001 ( 251)                 TRAP  x21
(3099) E029  1110000000101001 ( 252)                 LEA   R0 term
(309A) F022  1111000000100010 ( 253)                 TRAP  x22
(309B) F025  1111000000100101 ( 255) MyMainEnd       TRAP  x25
(309C) 0043  0000000001000011 ( 264) template        .FILL x0043
(309D) 0053  0000000001010011 ( 264)                 .FILL x0053
(309E) 0032  0000000000110010 ( 264)                 .FILL x0032
(309F) 0038  0000000000111000 ( 264)                 .FILL x0038
(30A0) 0031  0000000000110001 ( 264)                 .FILL x0031
(30A1) 0030  0000000000110000 ( 264)                 .FILL x0030
(30A2) 002D  0000000000101101 ( 264)                 .FILL x002D
(30A3) 0036  0000000000110110 ( 264)                 .FILL x0036
(30A4) 0030  0000000000110000 ( 264)                 .FILL x0030
(30A5) 0031  0000000000110001 ( 264)                 .FILL x0031
(30A6) 000A  0000000000001010 ( 264)                 .FILL x000A
(30A7) 004C  0000000001001100 ( 264)                 .FILL x004C
(30A8) 0065  0000000001100101 ( 264)                 .FILL x0065
(30A9) 0068  0000000001101000 ( 264)                 .FILL x0068
(30AA) 0069  0000000001101001 ( 264)                 .FILL x0069
(30AB) 0020  0000000000100000 ( 264)                 .FILL x0020
(30AC) 0041  0000000001000001 ( 264)                 .FILL x0041
(30AD) 006C  0000000001101100 ( 264)                 .FILL x006C
(30AE) 0063  0000000001100011 ( 264)                 .FILL x0063
(30AF) 0061  0000000001100001 ( 264)                 .FILL x0061
(30B0) 006E  0000000001101110 ( 264)                 .FILL x006E
(30B1) 0074  0000000001110100 ( 264)                 .FILL x0074
(30B2) 0061  0000000001100001 ( 264)                 .FILL x0061
(30B3) 0072  0000000001110010 ( 264)                 .FILL x0072
(30B4) 0061  0000000001100001 ( 264)                 .FILL x0061
(30B5) 000A  0000000000001010 ( 264)                 .FILL x000A
(30B6) 0050  0000000001010000 ( 264)                 .FILL x0050
(30B7) 0072  0000000001110010 ( 264)                 .FILL x0072
(30B8) 006F  0000000001101111 ( 264)                 .FILL x006F
(30B9) 006A  0000000001101010 ( 264)                 .FILL x006A
(30BA) 0065  0000000001100101 ( 264)                 .FILL x0065
(30BB) 0063  0000000001100011 ( 264)                 .FILL x0063
(30BC) 0074  0000000001110100 ( 264)                 .FILL x0074
(30BD) 0020  0000000000100000 ( 264)                 .FILL x0020
(30BE) 0023  0000000000100011 ( 264)                 .FILL x0023
(30BF) 0034  0000000000110100 ( 264)                 .FILL x0034
(30C0) 000A  0000000000001010 ( 264)                 .FILL x000A
(30C1) 0000  0000000000000000 ( 264)                 .FILL x0000
(30C2) 000A  0000000000001010 ( 265) newLine         .FILL x000A
(30C3) 0050  0000000001010000 ( 266) term            .FILL x0050
(30C4) 0072  0000000001110010 ( 266)                 .FILL x0072
(30C5) 006F  0000000001101111 ( 266)                 .FILL x006F
(30C6) 0067  0000000001100111 ( 266)                 .FILL x0067
(30C7) 0072  0000000001110010 ( 266)                 .FILL x0072
(30C8) 0061  0000000001100001 ( 266)                 .FILL x0061
(30C9) 006D  0000000001101101 ( 266)                 .FILL x006D
(30CA) 0020  0000000000100000 ( 266)                 .FILL x0020
(30CB) 0065  0000000001100101 ( 266)                 .FILL x0065
(30CC) 0078  0000000001111000 ( 266)                 .FILL x0078
(30CD) 0065  0000000001100101 ( 266)                 .FILL x0065
(30CE) 0063  0000000001100011 ( 266)                 .FILL x0063
(30CF) 0075  0000000001110101 ( 266)                 .FILL x0075
(30D0) 0074  0000000001110100 ( 266)                 .FILL x0074
(30D1) 0069  0000000001101001 ( 266)                 .FILL x0069
(30D2) 006F  0000000001101111 ( 266)                 .FILL x006F
(30D3) 006E  0000000001101110 ( 266)                 .FILL x006E
(30D4) 0020  0000000000100000 ( 266)                 .FILL x0020
(30D5) 0074  0000000001110100 ( 266)                 .FILL x0074
(30D6) 0065  0000000001100101 ( 266)                 .FILL x0065
(30D7) 0072  0000000001110010 ( 266)                 .FILL x0072
(30D8) 006D  0000000001101101 ( 266)                 .FILL x006D
(30D9) 0069  0000000001101001 ( 266)                 .FILL x0069
(30DA) 006E  0000000001101110 ( 266)                 .FILL x006E
(30DB) 0061  0000000001100001 ( 266)                 .FILL x0061
(30DC) 0074  0000000001110100 ( 266)                 .FILL x0074
(30DD) 0065  0000000001100101 ( 266)                 .FILL x0065
(30DE) 0064  0000000001100100 ( 266)                 .FILL x0064
(30DF) 0021  0000000000100001 ( 266)                 .FILL x0021
(30E0) 000A  0000000000001010 ( 266)                 .FILL x000A
(30E1) 0000  0000000000000000 ( 266)                 .FILL x0000
(30E2) 0049  0000000001001001 ( 267) prompt          .FILL x0049
(30E3) 006E  0000000001101110 ( 267)                 .FILL x006E
(30E4) 0070  0000000001110000 ( 267)                 .FILL x0070
(30E5) 0075  0000000001110101 ( 267)                 .FILL x0075
(30E6) 0074  0000000001110100 ( 267)                 .FILL x0074
(30E7) 0020  0000000000100000 ( 267)                 .FILL x0020
(30E8) 0061  0000000001100001 ( 267)                 .FILL x0061
(30E9) 0020  0000000000100000 ( 267)                 .FILL x0020
(30EA) 006D  0000000001101101 ( 267)                 .FILL x006D
(30EB) 0065  0000000001100101 ( 267)                 .FILL x0065
(30EC) 0073  0000000001110011 ( 267)                 .FILL x0073
(30ED) 0073  0000000001110011 ( 267)                 .FILL x0073
(30EE) 0061  0000000001100001 ( 267)                 .FILL x0061
(30EF) 0067  0000000001100111 ( 267)                 .FILL x0067
(30F0) 0065  0000000001100101 ( 267)                 .FILL x0065
(30F1) 0020  0000000000100000 ( 267)                 .FILL x0020
(30F2) 0074  0000000001110100 ( 267)                 .FILL x0074
(30F3) 006F  0000000001101111 ( 267)                 .FILL x006F
(30F4) 0020  0000000000100000 ( 267)                 .FILL x0020
(30F5) 0062  0000000001100010 ( 267)                 .FILL x0062
(30F6) 0065  0000000001100101 ( 267)                 .FILL x0065
(30F7) 0020  0000000000100000 ( 267)                 .FILL x0020
(30F8) 0061  0000000001100001 ( 267)                 .FILL x0061
(30F9) 006E  0000000001101110 ( 267)                 .FILL x006E
(30FA) 0061  0000000001100001 ( 267)                 .FILL x0061
(30FB) 006C  0000000001101100 ( 267)                 .FILL x006C
(30FC) 0079  0000000001111001 ( 267)                 .FILL x0079
(30FD) 007A  0000000001111010 ( 267)                 .FILL x007A
(30FE) 0065  0000000001100101 ( 267)                 .FILL x0065
(30FF) 0064  0000000001100100 ( 267)                 .FILL x0064
(3100) 003A  0000000000111010 ( 267)                 .FILL x003A
(3101) 0020  0000000000100000 ( 267)                 .FILL x0020
(3102) 0000  0000000000000000 ( 267)                 .FILL x0000
(3103) FFF6  1111111111110110 ( 268) enter           .FILL xFFF6
(3104) FFE1  1111111111100001 ( 269) space           .FILL xFFE1
(3105) FFE0  1111111111100000 ( 270) spaceadd        .FILL xFFE0
(3106) FFDF  1111111111011111 ( 271) grpc            .FILL xFFDF
(3107) FFD1  1111111111010001 ( 272) grpc1           .FILL xFFD1
(3108) FFD0  1111111111010000 ( 273) num1            .FILL xFFD0
(3109) FFC7  1111111111000111 ( 274) num2            .FILL xFFC7
(310A) FFC6  1111111111000110 ( 275) grpc12          .FILL xFFC6
(310B) FFBF  1111111110111111 ( 276) grp2            .FILL xFFBF
(310C) FFA6  1111111110100110 ( 277) upcs1           .FILL xFFA6
(310D) FFA5  1111111110100101 ( 278) grpc3           .FILL xFFA5
(310E) FFA0  1111111110100000 ( 279) grpc4           .FILL xFFA0
(310F) FF9F  1111111110011111 ( 280) lowc            .FILL xFF9F
(3110) FF86  1111111110000110 ( 281) lowc1           .FILL xFF86
(3111) 0002  0000000000000010 ( 282) save            .FILL x0002
(3112) FFC0  1111111111000000 ( 283) grp21           .FILL xFFC0
(3113) FFF7  1111111111110111 ( 284) comp            .FILL xFFF7
(3114) 0000  0000000000000000 ( 286) test            .FILL x0000
(3115) 0030  0000000000110000 ( 286) ascii           .FILL x0030
(3116) 0055  0000000001010101 ( 287) upper           .FILL x0055
(3117) 0070  0000000001110000 ( 287)                 .FILL x0070
(3118) 0070  0000000001110000 ( 287)                 .FILL x0070
(3119) 0065  0000000001100101 ( 287)                 .FILL x0065
(311A) 0072  0000000001110010 ( 287)                 .FILL x0072
(311B) 0020  0000000000100000 ( 287)                 .FILL x0020
(311C) 0043  0000000001000011 ( 287)                 .FILL x0043
(311D) 0061  0000000001100001 ( 287)                 .FILL x0061
(311E) 0073  0000000001110011 ( 287)                 .FILL x0073
(311F) 0065  0000000001100101 ( 287)                 .FILL x0065
(3120) 003A  0000000000111010 ( 287)                 .FILL x003A
(3121) 0020  0000000000100000 ( 287)                 .FILL x0020
(3122) 0000  0000000000000000 ( 287)                 .FILL x0000
(3123) 0053  0000000001010011 ( 288) spaces          .FILL x0053
(3124) 0070  0000000001110000 ( 288)                 .FILL x0070
(3125) 0061  0000000001100001 ( 288)                 .FILL x0061
(3126) 0063  0000000001100011 ( 288)                 .FILL x0063
(3127) 0065  0000000001100101 ( 288)                 .FILL x0065
(3128) 0073  0000000001110011 ( 288)                 .FILL x0073
(3129) 003A  0000000000111010 ( 288)                 .FILL x003A
(312A) 0020  0000000000100000 ( 288)                 .FILL x0020
(312B) 0000  0000000000000000 ( 288)                 .FILL x0000
(312C) 004E  0000000001001110 ( 289) numberss        .FILL x004E
(312D) 0075  0000000001110101 ( 289)                 .FILL x0075
(312E) 006D  0000000001101101 ( 289)                 .FILL x006D
(312F) 0062  0000000001100010 ( 289)                 .FILL x0062
(3130) 0065  0000000001100101 ( 289)                 .FILL x0065
(3131) 0072  0000000001110010 ( 289)                 .FILL x0072
(3132) 0073  0000000001110011 ( 289)                 .FILL x0073
(3133) 003A  0000000000111010 ( 289)                 .FILL x003A
(3134) 0020  0000000000100000 ( 289)                 .FILL x0020
(3135) 0000  0000000000000000 ( 289)                 .FILL x0000
(3136) 004C  0000000001001100 ( 290) lowercs         .FILL x004C
(3137) 006F  0000000001101111 ( 290)                 .FILL x006F
(3138) 0077  0000000001110111 ( 290)                 .FILL x0077
(3139) 0065  0000000001100101 ( 290)                 .FILL x0065
(313A) 0072  0000000001110010 ( 290)                 .FILL x0072
(313B) 0020  0000000000100000 ( 290)                 .FILL x0020
(313C) 0043  0000000001000011 ( 290)                 .FILL x0043
(313D) 0061  0000000001100001 ( 290)                 .FILL x0061
(313E) 0073  0000000001110011 ( 290)                 .FILL x0073
(313F) 0065  0000000001100101 ( 290)                 .FILL x0065
(3140) 003A  0000000000111010 ( 290)                 .FILL x003A
(3141) 0020  0000000000100000 ( 290)                 .FILL x0020
(3142) 0000  0000000000000000 ( 290)                 .FILL x0000
(3143) 003D  0000000000111101 ( 291) equal           .FILL x003D
(3144) 0000  0000000000000000 ( 291)                 .FILL x0000
(3145) 003E  0000000000111110 ( 292) phrase          .FILL x003E
(3146) 0020  0000000000100000 ( 292)                 .FILL x0020
(3147) 0039  0000000000111001 ( 292)                 .FILL x0039
(3148) 0000  0000000000000000 ( 292)                 .FILL x0000
(3149) 0041  0000000001000001 ( 293) otherss         .FILL x0041
(314A) 006C  0000000001101100 ( 293)                 .FILL x006C
(314B) 006C  0000000001101100 ( 293)                 .FILL x006C
(314C) 0020  0000000000100000 ( 293)                 .FILL x0020
(314D) 004F  0000000001001111 ( 293)                 .FILL x004F
(314E) 0074  0000000001110100 ( 293)                 .FILL x0074
(314F) 0068  0000000001101000 ( 293)                 .FILL x0068
(3150) 0065  0000000001100101 ( 293)                 .FILL x0065
(3151) 0072  0000000001110010 ( 293)                 .FILL x0072
(3152) 0073  0000000001110011 ( 293)                 .FILL x0073
(3153) 003A  0000000000111010 ( 293)                 .FILL x003A
(3154) 0020  0000000000100000 ( 293)                 .FILL x0020
(3155) 0000  0000000000000000 ( 293)                 .FILL x0000
