(0000) 3000  0011000000000000 (  43)                 .ORIG x3000
(3000) E09F  1110000010011111 (  47) MyMain          LEA   R0 template
(3001) F022  1111000000100010 (  48)                 TRAP  x22
(3002) 20C3  0010000011000011 (  50)                 LD    R0 newLine
(3003) F021  1111000000100001 (  51)                 TRAP  x21
(3004) E07A  1110000001111010 (  54) Again           LEA   R0 prompt
(3005) F022  1111000000100010 (  55)                 TRAP  x22
(3006) F020  1111000000100000 (  56)                 TRAP  x20
(3007) 2496  0010010010010110 (  58)                 LD    R2 delimeter
(3008) 94BF  1001010010111111 (  60)                 NOT   R2 R2
(3009) 14A1  0001010010100001 (  61)                 ADD   R2 R2 #1
(300A) 1202  0001001000000010 (  62)                 ADD   R1 R0 R2
(300B) 0C60  0000110001100000 (  63)                 BRNZ  NotNumber
(300C) F021  1111000000100001 (  66)                 TRAP  x21
(300D) 2491  0010010010010001 (  67)                 LD    R2 delimeter2
(300E) 94BF  1001010010111111 (  69)                 NOT   R2 R2
(300F) 14A1  0001010010100001 (  70)                 ADD   R2 R2 #1
(3010) 1202  0001001000000010 (  71)                 ADD   R1 R0 R2
(3011) 045D  0000010001011101 (  72)                 BRZ   Termination
(3012) 2C00  0010110000000000 (  74) SpelledOutdef   LD    R6 x3013
(3013) 5DA0  0101110110100000 (  75)                 AND   R6 R6 #0
(3014) 26F8  0010011011111000 (  76)                 LD    R3 default
(3015) 96FF  1001011011111111 (  77)                 NOT   R3 R3
(3016) 16E1  0001011011100001 (  78)                 ADD   R3 R3 #1
(3017) 1C03  0001110000000011 (  79)                 ADD   R6 R0 R3
(3018) 0632  0000011000110010 (  80)                 BRZP  OutputFeault
(3019) 26F4  0010011011110100 (  83) SpelledOut      LD    R3 case0
(301A) 96FF  1001011011111111 (  84)                 NOT   R3 R3
(301B) 16E1  0001011011100001 (  85)                 ADD   R3 R3 #1
(301C) 1203  0001001000000011 (  86)                 ADD   R1 R0 R3
(301D) 0430  0000010000110000 (  87)                 BRZ   Output
(301E) 26F0  0010011011110000 (  89) Spelledout1     LD    R3 case1
(301F) 96FF  1001011011111111 (  90)                 NOT   R3 R3
(3020) 16E1  0001011011100001 (  91)                 ADD   R3 R3 #1
(3021) 1203  0001001000000011 (  92)                 ADD   R1 R0 R3
(3022) 042E  0000010000101110 (  93)                 BRZ   Output1
(3023) 26EC  0010011011101100 (  95) SpelledOut2     LD    R3 case2
(3024) 96FF  1001011011111111 (  96)                 NOT   R3 R3
(3025) 16E1  0001011011100001 (  97)                 ADD   R3 R3 #1
(3026) 1203  0001001000000011 (  98)                 ADD   R1 R0 R3
(3027) 042C  0000010000101100 (  99)                 BRZ   Output2
(3028) 26E8  0010011011101000 ( 101) SpelledOut3     LD    R3 case3
(3029) 96FF  1001011011111111 ( 102)                 NOT   R3 R3
(302A) 16E1  0001011011100001 ( 103)                 ADD   R3 R3 #1
(302B) 1203  0001001000000011 ( 104)                 ADD   R1 R0 R3
(302C) 042A  0000010000101010 ( 105)                 BRZ   Output3
(302D) 26E4  0010011011100100 ( 107) SpelledOut4     LD    R3 case4
(302E) 96FF  1001011011111111 ( 108)                 NOT   R3 R3
(302F) 16E1  0001011011100001 ( 109)                 ADD   R3 R3 #1
(3030) 1203  0001001000000011 ( 110)                 ADD   R1 R0 R3
(3031) 0428  0000010000101000 ( 111)                 BRZ   Output4
(3032) 26E0  0010011011100000 ( 113) SpelledOut5     LD    R3 case5
(3033) 96FF  1001011011111111 ( 114)                 NOT   R3 R3
(3034) 16E1  0001011011100001 ( 115)                 ADD   R3 R3 #1
(3035) 1203  0001001000000011 ( 116)                 ADD   R1 R0 R3
(3036) 0426  0000010000100110 ( 117)                 BRZ   Output5
(3037) 26DC  0010011011011100 ( 119) SpelledOut6     LD    R3 case6
(3038) 96FF  1001011011111111 ( 120)                 NOT   R3 R3
(3039) 16E1  0001011011100001 ( 121)                 ADD   R3 R3 #1
(303A) 1203  0001001000000011 ( 122)                 ADD   R1 R0 R3
(303B) 0424  0000010000100100 ( 123)                 BRZ   Output6
(303C) 26D8  0010011011011000 ( 126) SpelledOut7     LD    R3 case7
(303D) 96FF  1001011011111111 ( 127)                 NOT   R3 R3
(303E) 16E1  0001011011100001 ( 128)                 ADD   R3 R3 #1
(303F) 1203  0001001000000011 ( 129)                 ADD   R1 R0 R3
(3040) 0422  0000010000100010 ( 130)                 BRZ   Output7
(3041) 26D4  0010011011010100 ( 132) SpelledOut8     LD    R3 case8
(3042) 96FF  1001011011111111 ( 133)                 NOT   R3 R3
(3043) 16E1  0001011011100001 ( 134)                 ADD   R3 R3 #1
(3044) 1203  0001001000000011 ( 135)                 ADD   R1 R0 R3
(3045) 0420  0000010000100000 ( 136)                 BRZ   Output8
(3046) 26D0  0010011011010000 ( 138) SpelledOut9     LD    R3 case9
(3047) 96FF  1001011011111111 ( 139)                 NOT   R3 R3
(3048) 16E1  0001011011100001 ( 140)                 ADD   R3 R3 #1
(3049) 1203  0001001000000011 ( 141)                 ADD   R1 R0 R3
(304A) 041E  0000010000011110 ( 142)                 BRZ   Output9
(304B) E0CC  1110000011001100 ( 144) OutputFeault    LEA   R0 error
(304C) F022  1111000000100010 ( 145)                 TRAP  x22
(304D) 0FB6  0000111110110110 ( 146)                 BRNZP Again
(304E) E078  1110000001111000 ( 148) Output          LEA   R0 zero
(304F) F022  1111000000100010 ( 149)                 TRAP  x22
(3050) 0FB3  0000111110110011 ( 150)                 BRNZP Again
(3051) E07C  1110000001111100 ( 152) Output1         LEA   R0 one
(3052) F022  1111000000100010 ( 153)                 TRAP  x22
(3053) 0FB0  0000111110110000 ( 154)                 BRNZP Again
(3054) E07F  1110000001111111 ( 156) Output2         LEA   R0 two
(3055) F022  1111000000100010 ( 157)                 TRAP  x22
(3056) 0FAD  0000111110101101 ( 158)                 BRNZP Again
(3057) E082  1110000010000010 ( 160) Output3         LEA   R0 three
(3058) F022  1111000000100010 ( 161)                 TRAP  x22
(3059) 0FAA  0000111110101010 ( 162)                 BRNZP Again
(305A) E087  1110000010000111 ( 164) Output4         LEA   R0 four
(305B) F022  1111000000100010 ( 165)                 TRAP  x22
(305C) 0FA7  0000111110100111 ( 166)                 BRNZP Again
(305D) E08B  1110000010001011 ( 168) Output5         LEA   R0 five
(305E) F022  1111000000100010 ( 169)                 TRAP  x22
(305F) 0FA4  0000111110100100 ( 170)                 BRNZP Again
(3060) E08F  1110000010001111 ( 172) Output6         LEA   R0 six
(3061) F022  1111000000100010 ( 173)                 TRAP  x22
(3062) 0FA1  0000111110100001 ( 174)                 BRNZP Again
(3063) E092  1110000010010010 ( 176) Output7         LEA   R0 seven
(3064) F022  1111000000100010 ( 177)                 TRAP  x22
(3065) 0F9E  0000111110011110 ( 178)                 BRNZP Again
(3066) E097  1110000010010111 ( 180) Output8         LEA   R0 eight
(3067) F022  1111000000100010 ( 181)                 TRAP  x22
(3068) 0F9B  0000111110011011 ( 182)                 BRNZP Again
(3069) E09C  1110000010011100 ( 184) Output9         LEA   R0 nine
(306A) F022  1111000000100010 ( 185)                 TRAP  x22
(306B) 0F98  0000111110011000 ( 186)                 BRNZP Again
(306C) E0EF  1110000011101111 ( 190) NotNumber       LEA   R0 nonprintable
(306D) F022  1111000000100010 ( 191)                 TRAP  x22
(306E) 0F95  0000111110010101 ( 192)                 BRNZP Again
(306F) E008  1110000000001000 ( 195) Termination     LEA   R0 done
(3070) F022  1111000000100010 ( 196)                 TRAP  x22
(3071) 2054  0010000001010100 ( 198)                 LD    R0 newLine
(3072) F021  1111000000100001 ( 199)                 TRAP  x21
(3073) 2052  0010000001010010 ( 201)                 LD    R0 newLine
(3074) F021  1111000000100001 ( 202)                 TRAP  x21
(3075) E0C7  1110000011000111 ( 204)                 LEA   R0 term
(3076) F022  1111000000100010 ( 205)                 TRAP  x22
(3077) F025  1111000000100101 ( 208) MyMainEnd       TRAP  x25
(3078) 0020  0000000000100000 ( 217) done            .FILL x0020
(3079) 0044  0000000001000100 ( 217)                 .FILL x0044
(307A) 006F  0000000001101111 ( 217)                 .FILL x006F
(307B) 006E  0000000001101110 ( 217)                 .FILL x006E
(307C) 0065  0000000001100101 ( 217)                 .FILL x0065
(307D) 0021  0000000000100001 ( 217)                 .FILL x0021
(307E) 0000  0000000000000000 ( 217)                 .FILL x0000
(307F) 0050  0000000001010000 ( 218) prompt          .FILL x0050
(3080) 006C  0000000001101100 ( 218)                 .FILL x006C
(3081) 0065  0000000001100101 ( 218)                 .FILL x0065
(3082) 0061  0000000001100001 ( 218)                 .FILL x0061
(3083) 0073  0000000001110011 ( 218)                 .FILL x0073
(3084) 0065  0000000001100101 ( 218)                 .FILL x0065
(3085) 0020  0000000000100000 ( 218)                 .FILL x0020
(3086) 0069  0000000001101001 ( 218)                 .FILL x0069
(3087) 006E  0000000001101110 ( 218)                 .FILL x006E
(3088) 0070  0000000001110000 ( 218)                 .FILL x0070
(3089) 0075  0000000001110101 ( 218)                 .FILL x0075
(308A) 0074  0000000001110100 ( 218)                 .FILL x0074
(308B) 0020  0000000000100000 ( 218)                 .FILL x0020
(308C) 0061  0000000001100001 ( 218)                 .FILL x0061
(308D) 0020  0000000000100000 ( 218)                 .FILL x0020
(308E) 006E  0000000001101110 ( 218)                 .FILL x006E
(308F) 0075  0000000001110101 ( 218)                 .FILL x0075
(3090) 006D  0000000001101101 ( 218)                 .FILL x006D
(3091) 0062  0000000001100010 ( 218)                 .FILL x0062
(3092) 0065  0000000001100101 ( 218)                 .FILL x0065
(3093) 0072  0000000001110010 ( 218)                 .FILL x0072
(3094) 0020  0000000000100000 ( 218)                 .FILL x0020
(3095) 0030  0000000000110000 ( 218)                 .FILL x0030
(3096) 0020  0000000000100000 ( 218)                 .FILL x0020
(3097) 002D  0000000000101101 ( 218)                 .FILL x002D
(3098) 0020  0000000000100000 ( 218)                 .FILL x0020
(3099) 0039  0000000000111001 ( 218)                 .FILL x0039
(309A) 0020  0000000000100000 ( 218)                 .FILL x0020
(309B) 003A  0000000000111010 ( 218)                 .FILL x003A
(309C) 0020  0000000000100000 ( 218)                 .FILL x0020
(309D) 0000  0000000000000000 ( 218)                 .FILL x0000
(309E) 0020  0000000000100000 ( 219) delimeter       .FILL x0020
(309F) 0021  0000000000100001 ( 220) delimeter2      .FILL x0021
(30A0) 0043  0000000001000011 ( 221) template        .FILL x0043
(30A1) 0053  0000000001010011 ( 221)                 .FILL x0053
(30A2) 0032  0000000000110010 ( 221)                 .FILL x0032
(30A3) 0038  0000000000111000 ( 221)                 .FILL x0038
(30A4) 0031  0000000000110001 ( 221)                 .FILL x0031
(30A5) 0030  0000000000110000 ( 221)                 .FILL x0030
(30A6) 002D  0000000000101101 ( 221)                 .FILL x002D
(30A7) 0036  0000000000110110 ( 221)                 .FILL x0036
(30A8) 0030  0000000000110000 ( 221)                 .FILL x0030
(30A9) 0031  0000000000110001 ( 221)                 .FILL x0031
(30AA) 000A  0000000000001010 ( 221)                 .FILL x000A
(30AB) 004C  0000000001001100 ( 221)                 .FILL x004C
(30AC) 0065  0000000001100101 ( 221)                 .FILL x0065
(30AD) 0068  0000000001101000 ( 221)                 .FILL x0068
(30AE) 0069  0000000001101001 ( 221)                 .FILL x0069
(30AF) 0020  0000000000100000 ( 221)                 .FILL x0020
(30B0) 0041  0000000001000001 ( 221)                 .FILL x0041
(30B1) 006C  0000000001101100 ( 221)                 .FILL x006C
(30B2) 0063  0000000001100011 ( 221)                 .FILL x0063
(30B3) 0061  0000000001100001 ( 221)                 .FILL x0061
(30B4) 006E  0000000001101110 ( 221)                 .FILL x006E
(30B5) 0074  0000000001110100 ( 221)                 .FILL x0074
(30B6) 0061  0000000001100001 ( 221)                 .FILL x0061
(30B7) 0072  0000000001110010 ( 221)                 .FILL x0072
(30B8) 0061  0000000001100001 ( 221)                 .FILL x0061
(30B9) 000A  0000000000001010 ( 221)                 .FILL x000A
(30BA) 0050  0000000001010000 ( 221)                 .FILL x0050
(30BB) 0072  0000000001110010 ( 221)                 .FILL x0072
(30BC) 006F  0000000001101111 ( 221)                 .FILL x006F
(30BD) 006A  0000000001101010 ( 221)                 .FILL x006A
(30BE) 0065  0000000001100101 ( 221)                 .FILL x0065
(30BF) 0063  0000000001100011 ( 221)                 .FILL x0063
(30C0) 0074  0000000001110100 ( 221)                 .FILL x0074
(30C1) 0020  0000000000100000 ( 221)                 .FILL x0020
(30C2) 0023  0000000000100011 ( 221)                 .FILL x0023
(30C3) 0033  0000000000110011 ( 221)                 .FILL x0033
(30C4) 000A  0000000000001010 ( 221)                 .FILL x000A
(30C5) 0000  0000000000000000 ( 221)                 .FILL x0000
(30C6) 000A  0000000000001010 ( 222) newLine         .FILL x000A
(30C7) 0020  0000000000100000 ( 223) zero            .FILL x0020
(30C8) 007A  0000000001111010 ( 223)                 .FILL x007A
(30C9) 0065  0000000001100101 ( 223)                 .FILL x0065
(30CA) 0072  0000000001110010 ( 223)                 .FILL x0072
(30CB) 006F  0000000001101111 ( 223)                 .FILL x006F
(30CC) 000A  0000000000001010 ( 223)                 .FILL x000A
(30CD) 0000  0000000000000000 ( 223)                 .FILL x0000
(30CE) 0020  0000000000100000 ( 224) one             .FILL x0020
(30CF) 006F  0000000001101111 ( 224)                 .FILL x006F
(30D0) 006E  0000000001101110 ( 224)                 .FILL x006E
(30D1) 0065  0000000001100101 ( 224)                 .FILL x0065
(30D2) 000A  0000000000001010 ( 224)                 .FILL x000A
(30D3) 0000  0000000000000000 ( 224)                 .FILL x0000
(30D4) 0020  0000000000100000 ( 225) two             .FILL x0020
(30D5) 0074  0000000001110100 ( 225)                 .FILL x0074
(30D6) 0077  0000000001110111 ( 225)                 .FILL x0077
(30D7) 006F  0000000001101111 ( 225)                 .FILL x006F
(30D8) 000A  0000000000001010 ( 225)                 .FILL x000A
(30D9) 0000  0000000000000000 ( 225)                 .FILL x0000
(30DA) 0020  0000000000100000 ( 226) three           .FILL x0020
(30DB) 0074  0000000001110100 ( 226)                 .FILL x0074
(30DC) 0068  0000000001101000 ( 226)                 .FILL x0068
(30DD) 0072  0000000001110010 ( 226)                 .FILL x0072
(30DE) 0065  0000000001100101 ( 226)                 .FILL x0065
(30DF) 0065  0000000001100101 ( 226)                 .FILL x0065
(30E0) 000A  0000000000001010 ( 226)                 .FILL x000A
(30E1) 0000  0000000000000000 ( 226)                 .FILL x0000
(30E2) 0020  0000000000100000 ( 227) four            .FILL x0020
(30E3) 0066  0000000001100110 ( 227)                 .FILL x0066
(30E4) 006F  0000000001101111 ( 227)                 .FILL x006F
(30E5) 0075  0000000001110101 ( 227)                 .FILL x0075
(30E6) 0072  0000000001110010 ( 227)                 .FILL x0072
(30E7) 000A  0000000000001010 ( 227)                 .FILL x000A
(30E8) 0000  0000000000000000 ( 227)                 .FILL x0000
(30E9) 0020  0000000000100000 ( 228) five            .FILL x0020
(30EA) 0066  0000000001100110 ( 228)                 .FILL x0066
(30EB) 0069  0000000001101001 ( 228)                 .FILL x0069
(30EC) 0076  0000000001110110 ( 228)                 .FILL x0076
(30ED) 0065  0000000001100101 ( 228)                 .FILL x0065
(30EE) 000A  0000000000001010 ( 228)                 .FILL x000A
(30EF) 0000  0000000000000000 ( 228)                 .FILL x0000
(30F0) 0020  0000000000100000 ( 229) six             .FILL x0020
(30F1) 0073  0000000001110011 ( 229)                 .FILL x0073
(30F2) 0069  0000000001101001 ( 229)                 .FILL x0069
(30F3) 0078  0000000001111000 ( 229)                 .FILL x0078
(30F4) 000A  0000000000001010 ( 229)                 .FILL x000A
(30F5) 0000  0000000000000000 ( 229)                 .FILL x0000
(30F6) 0020  0000000000100000 ( 230) seven           .FILL x0020
(30F7) 0073  0000000001110011 ( 230)                 .FILL x0073
(30F8) 0065  0000000001100101 ( 230)                 .FILL x0065
(30F9) 0076  0000000001110110 ( 230)                 .FILL x0076
(30FA) 0065  0000000001100101 ( 230)                 .FILL x0065
(30FB) 006E  0000000001101110 ( 230)                 .FILL x006E
(30FC) 000A  0000000000001010 ( 230)                 .FILL x000A
(30FD) 0000  0000000000000000 ( 230)                 .FILL x0000
(30FE) 0020  0000000000100000 ( 231) eight           .FILL x0020
(30FF) 0065  0000000001100101 ( 231)                 .FILL x0065
(3100) 0069  0000000001101001 ( 231)                 .FILL x0069
(3101) 0067  0000000001100111 ( 231)                 .FILL x0067
(3102) 0068  0000000001101000 ( 231)                 .FILL x0068
(3103) 0074  0000000001110100 ( 231)                 .FILL x0074
(3104) 000A  0000000000001010 ( 231)                 .FILL x000A
(3105) 0000  0000000000000000 ( 231)                 .FILL x0000
(3106) 0020  0000000000100000 ( 232) nine            .FILL x0020
(3107) 006E  0000000001101110 ( 232)                 .FILL x006E
(3108) 0069  0000000001101001 ( 232)                 .FILL x0069
(3109) 006E  0000000001101110 ( 232)                 .FILL x006E
(310A) 0065  0000000001100101 ( 232)                 .FILL x0065
(310B) 000A  0000000000001010 ( 232)                 .FILL x000A
(310C) 0000  0000000000000000 ( 232)                 .FILL x0000
(310D) 0040  0000000001000000 ( 233) default         .FILL x0040
(310E) 0030  0000000000110000 ( 234) case0           .FILL x0030
(310F) 0031  0000000000110001 ( 235) case1           .FILL x0031
(3110) 0032  0000000000110010 ( 236) case2           .FILL x0032
(3111) 0033  0000000000110011 ( 237) case3           .FILL x0033
(3112) 0034  0000000000110100 ( 238) case4           .FILL x0034
(3113) 0035  0000000000110101 ( 239) case5           .FILL x0035
(3114) 0036  0000000000110110 ( 240) case6           .FILL x0036
(3115) 0037  0000000000110111 ( 241) case7           .FILL x0037
(3116) 0038  0000000000111000 ( 242) case8           .FILL x0038
(3117) 0039  0000000000111001 ( 243) case9           .FILL x0039
(3118) 0020  0000000000100000 ( 244) error           .FILL x0020
(3119) 0045  0000000001000101 ( 244)                 .FILL x0045
(311A) 0072  0000000001110010 ( 244)                 .FILL x0072
(311B) 0072  0000000001110010 ( 244)                 .FILL x0072
(311C) 006F  0000000001101111 ( 244)                 .FILL x006F
(311D) 0072  0000000001110010 ( 244)                 .FILL x0072
(311E) 0021  0000000000100001 ( 244)                 .FILL x0021
(311F) 0020  0000000000100000 ( 244)                 .FILL x0020
(3120) 0059  0000000001011001 ( 244)                 .FILL x0059
(3121) 006F  0000000001101111 ( 244)                 .FILL x006F
(3122) 0075  0000000001110101 ( 244)                 .FILL x0075
(3123) 0020  0000000000100000 ( 244)                 .FILL x0020
(3124) 0064  0000000001100100 ( 244)                 .FILL x0064
(3125) 0069  0000000001101001 ( 244)                 .FILL x0069
(3126) 0064  0000000001100100 ( 244)                 .FILL x0064
(3127) 0020  0000000000100000 ( 244)                 .FILL x0020
(3128) 006E  0000000001101110 ( 244)                 .FILL x006E
(3129) 006F  0000000001101111 ( 244)                 .FILL x006F
(312A) 0074  0000000001110100 ( 244)                 .FILL x0074
(312B) 0020  0000000000100000 ( 244)                 .FILL x0020
(312C) 0069  0000000001101001 ( 244)                 .FILL x0069
(312D) 006E  0000000001101110 ( 244)                 .FILL x006E
(312E) 0070  0000000001110000 ( 244)                 .FILL x0070
(312F) 0075  0000000001110101 ( 244)                 .FILL x0075
(3130) 0074  0000000001110100 ( 244)                 .FILL x0074
(3131) 0020  0000000000100000 ( 244)                 .FILL x0020
(3132) 0061  0000000001100001 ( 244)                 .FILL x0061
(3133) 0020  0000000000100000 ( 244)                 .FILL x0020
(3134) 006E  0000000001101110 ( 244)                 .FILL x006E
(3135) 0075  0000000001110101 ( 244)                 .FILL x0075
(3136) 006D  0000000001101101 ( 244)                 .FILL x006D
(3137) 0062  0000000001100010 ( 244)                 .FILL x0062
(3138) 0065  0000000001100101 ( 244)                 .FILL x0065
(3139) 0072  0000000001110010 ( 244)                 .FILL x0072
(313A) 002E  0000000000101110 ( 244)                 .FILL x002E
(313B) 000A  0000000000001010 ( 244)                 .FILL x000A
(313C) 0000  0000000000000000 ( 244)                 .FILL x0000
(313D) 0050  0000000001010000 ( 245) term            .FILL x0050
(313E) 0072  0000000001110010 ( 245)                 .FILL x0072
(313F) 006F  0000000001101111 ( 245)                 .FILL x006F
(3140) 0067  0000000001100111 ( 245)                 .FILL x0067
(3141) 0072  0000000001110010 ( 245)                 .FILL x0072
(3142) 0061  0000000001100001 ( 245)                 .FILL x0061
(3143) 006D  0000000001101101 ( 245)                 .FILL x006D
(3144) 0020  0000000000100000 ( 245)                 .FILL x0020
(3145) 0065  0000000001100101 ( 245)                 .FILL x0065
(3146) 0078  0000000001111000 ( 245)                 .FILL x0078
(3147) 0065  0000000001100101 ( 245)                 .FILL x0065
(3148) 0063  0000000001100011 ( 245)                 .FILL x0063
(3149) 0075  0000000001110101 ( 245)                 .FILL x0075
(314A) 0074  0000000001110100 ( 245)                 .FILL x0074
(314B) 0069  0000000001101001 ( 245)                 .FILL x0069
(314C) 006F  0000000001101111 ( 245)                 .FILL x006F
(314D) 006E  0000000001101110 ( 245)                 .FILL x006E
(314E) 0020  0000000000100000 ( 245)                 .FILL x0020
(314F) 0074  0000000001110100 ( 245)                 .FILL x0074
(3150) 0065  0000000001100101 ( 245)                 .FILL x0065
(3151) 0072  0000000001110010 ( 245)                 .FILL x0072
(3152) 006D  0000000001101101 ( 245)                 .FILL x006D
(3153) 0069  0000000001101001 ( 245)                 .FILL x0069
(3154) 006E  0000000001101110 ( 245)                 .FILL x006E
(3155) 0061  0000000001100001 ( 245)                 .FILL x0061
(3156) 0074  0000000001110100 ( 245)                 .FILL x0074
(3157) 0065  0000000001100101 ( 245)                 .FILL x0065
(3158) 0064  0000000001100100 ( 245)                 .FILL x0064
(3159) 0021  0000000000100001 ( 245)                 .FILL x0021
(315A) 000A  0000000000001010 ( 245)                 .FILL x000A
(315B) 0000  0000000000000000 ( 245)                 .FILL x0000
(315C) 0020  0000000000100000 ( 246) nonprintable    .FILL x0020
(315D) 0045  0000000001000101 ( 246)                 .FILL x0045
(315E) 0072  0000000001110010 ( 246)                 .FILL x0072
(315F) 0072  0000000001110010 ( 246)                 .FILL x0072
(3160) 006F  0000000001101111 ( 246)                 .FILL x006F
(3161) 0072  0000000001110010 ( 246)                 .FILL x0072
(3162) 0021  0000000000100001 ( 246)                 .FILL x0021
(3163) 0020  0000000000100000 ( 246)                 .FILL x0020
(3164) 0059  0000000001011001 ( 246)                 .FILL x0059
(3165) 006F  0000000001101111 ( 246)                 .FILL x006F
(3166) 0075  0000000001110101 ( 246)                 .FILL x0075
(3167) 0072  0000000001110010 ( 246)                 .FILL x0072
(3168) 0020  0000000000100000 ( 246)                 .FILL x0020
(3169) 0069  0000000001101001 ( 246)                 .FILL x0069
(316A) 006E  0000000001101110 ( 246)                 .FILL x006E
(316B) 0070  0000000001110000 ( 246)                 .FILL x0070
(316C) 0075  0000000001110101 ( 246)                 .FILL x0075
(316D) 0074  0000000001110100 ( 246)                 .FILL x0074
(316E) 0020  0000000000100000 ( 246)                 .FILL x0020
(316F) 0077  0000000001110111 ( 246)                 .FILL x0077
(3170) 0061  0000000001100001 ( 246)                 .FILL x0061
(3171) 0073  0000000001110011 ( 246)                 .FILL x0073
(3172) 0020  0000000000100000 ( 246)                 .FILL x0020
(3173) 0061  0000000001100001 ( 246)                 .FILL x0061
(3174) 0020  0000000000100000 ( 246)                 .FILL x0020
(3175) 006E  0000000001101110 ( 246)                 .FILL x006E
(3176) 006F  0000000001101111 ( 246)                 .FILL x006F
(3177) 006E  0000000001101110 ( 246)                 .FILL x006E
(3178) 0020  0000000000100000 ( 246)                 .FILL x0020
(3179) 0070  0000000001110000 ( 246)                 .FILL x0070
(317A) 0072  0000000001110010 ( 246)                 .FILL x0072
(317B) 0069  0000000001101001 ( 246)                 .FILL x0069
(317C) 006E  0000000001101110 ( 246)                 .FILL x006E
(317D) 0074  0000000001110100 ( 246)                 .FILL x0074
(317E) 0061  0000000001100001 ( 246)                 .FILL x0061
(317F) 0062  0000000001100010 ( 246)                 .FILL x0062
(3180) 006C  0000000001101100 ( 246)                 .FILL x006C
(3181) 0065  0000000001100101 ( 246)                 .FILL x0065
(3182) 0020  0000000000100000 ( 246)                 .FILL x0020
(3183) 0063  0000000001100011 ( 246)                 .FILL x0063
(3184) 0068  0000000001101000 ( 246)                 .FILL x0068
(3185) 0061  0000000001100001 ( 246)                 .FILL x0061
(3186) 0072  0000000001110010 ( 246)                 .FILL x0072
(3187) 0061  0000000001100001 ( 246)                 .FILL x0061
(3188) 0063  0000000001100011 ( 246)                 .FILL x0063
(3189) 0074  0000000001110100 ( 246)                 .FILL x0074
(318A) 0065  0000000001100101 ( 246)                 .FILL x0065
(318B) 0072  0000000001110010 ( 246)                 .FILL x0072
(318C) 002E  0000000000101110 ( 246)                 .FILL x002E
(318D) 000A  0000000000001010 ( 246)                 .FILL x000A
(318E) 0000  0000000000000000 ( 246)                 .FILL x0000
(318F) 0059  0000000001011001 ( 247) print           .FILL x0059
(3190) 006F  0000000001101111 ( 247)                 .FILL x006F
(3191) 0075  0000000001110101 ( 247)                 .FILL x0075
(3192) 0020  0000000000100000 ( 247)                 .FILL x0020
(3193) 0069  0000000001101001 ( 247)                 .FILL x0069
(3194) 006E  0000000001101110 ( 247)                 .FILL x006E
(3195) 0070  0000000001110000 ( 247)                 .FILL x0070
(3196) 0075  0000000001110101 ( 247)                 .FILL x0075
(3197) 0074  0000000001110100 ( 247)                 .FILL x0074
(3198) 0020  0000000000100000 ( 247)                 .FILL x0020
(3199) 0074  0000000001110100 ( 247)                 .FILL x0074
(319A) 0068  0000000001101000 ( 247)                 .FILL x0068
(319B) 0065  0000000001100101 ( 247)                 .FILL x0065
(319C) 0020  0000000000100000 ( 247)                 .FILL x0020
(319D) 0063  0000000001100011 ( 247)                 .FILL x0063
(319E) 0068  0000000001101000 ( 247)                 .FILL x0068
(319F) 0061  0000000001100001 ( 247)                 .FILL x0061
(31A0) 0072  0000000001110010 ( 247)                 .FILL x0072
(31A1) 0061  0000000001100001 ( 247)                 .FILL x0061
(31A2) 0063  0000000001100011 ( 247)                 .FILL x0063
(31A3) 0074  0000000001110100 ( 247)                 .FILL x0074
(31A4) 0065  0000000001100101 ( 247)                 .FILL x0065
(31A5) 0072  0000000001110010 ( 247)                 .FILL x0072
(31A6) 0073  0000000001110011 ( 247)                 .FILL x0073
(31A7) 003A  0000000000111010 ( 247)                 .FILL x003A
(31A8) 0020  0000000000100000 ( 247)                 .FILL x0020
(31A9) 0000  0000000000000000 ( 247)                 .FILL x0000
