(0000) 3200  0011001000000000 (  41)                 .ORIG x3200
(3200) 1DBF  0001110110111111 (  43) SetUpProc       ADD   R6 R6 #-1
(3201) 7F80  0111111110000000 (  44)                 STR   R7 R6 #0
(3202) 1DBF  0001110110111111 (  45)                 ADD   R6 R6 #-1
(3203) 7180  0111000110000000 (  46)                 STR   R0 R6 #0
(3204) 1DBF  0001110110111111 (  47)                 ADD   R6 R6 #-1
(3205) 7380  0111001110000000 (  48)                 STR   R1 R6 #0
(3206) 6380  0110001110000000 (  51)                 LDR   R1 R6 #0
(3207) 1DA1  0001110110100001 (  52)                 ADD   R6 R6 #1
(3208) 1260  0001001001100000 (  53)                 ADD   R1 R1 #0
(3209) 0410  0000010000010000 (  54)                 BRZ   restore
(320A) E09D  1110000010011101 (  56) set_vectors     LEA   R0 set
(320B) F022  1111000000100010 (  57)                 TRAP  x22
(320C) E21D  1110001000011101 (  59)                 LEA   R1 TemplateProc
(320D) B2D8  1011001011011000 (  60)                 STI   R1 vectable1
(320E) E226  1110001000100110 (  62)                 LEA   R1 PrintProc
(320F) B2D7  1011001011010111 (  63)                 STI   R1 vectable2
(3210) E242  1110001001000010 (  65)                 LEA   R1 SortProc
(3211) B2D6  1011001011010110 (  66)                 STI   R1 vectable3
(3212) 6380  0110001110000000 (  69)                 LDR   R1 R6 #0
(3213) 1DA1  0001110110100001 (  70)                 ADD   R6 R6 #1
(3214) 6180  0110000110000000 (  71)                 LDR   R0 R6 #0
(3215) 1DA1  0001110110100001 (  72)                 ADD   R6 R6 #1
(3216) 6F80  0110111110000000 (  73)                 LDR   R7 R6 #0
(3217) 1DA1  0001110110100001 (  74)                 ADD   R6 R6 #1
(3218) 1DA1  0001110110100001 (  76)                 ADD   R6 R6 #1
(3219) C1C0  1100000111000000 (  77)                 RET   
(321A) E0A6  1110000010100110 (  82) restore         LEA   R0 print
(321B) F022  1111000000100010 (  83)                 TRAP  x22
(321C) 22CC  0010001011001100 (  85)                 LD    R1 rest
(321D) B2C8  1011001011001000 (  86)                 STI   R1 vectable1
(321E) 22CA  0010001011001010 (  88)                 LD    R1 rest
(321F) B2C7  1011001011000111 (  89)                 STI   R1 vectable2
(3220) 22C8  0010001011001000 (  91)                 LD    R1 rest
(3221) B2C6  1011001011000110 (  92)                 STI   R1 vectable3
(3222) 6380  0110001110000000 (  94)                 LDR   R1 R6 #0
(3223) 1DA1  0001110110100001 (  95)                 ADD   R6 R6 #1
(3224) 6F80  0110111110000000 (  96)                 LDR   R7 R6 #0
(3225) 1DA1  0001110110100001 (  97)                 ADD   R6 R6 #1
(3226) 6180  0110000110000000 (  98)                 LDR   R0 R6 #0
(3227) 1DA1  0001110110100001 (  99)                 ADD   R6 R6 #1
(3228) 1DA1  0001110110100001 ( 102)                 ADD   R6 R6 #1
(3229) C1C0  1100000111000000 ( 103)                 RET   
(322A) 1DBF  0001110110111111 ( 106) TemplateProc    ADD   R6 R6 #-1
(322B) 7F80  0111111110000000 ( 107)                 STR   R7 R6 #0
(322C) 1DBF  0001110110111111 ( 108)                 ADD   R6 R6 #-1
(322D) 7180  0111000110000000 ( 109)                 STR   R0 R6 #0
(322E) E033  1110000000110011 ( 112)                 LEA   R0 template
(322F) F022  1111000000100010 ( 113)                 TRAP  x22
(3230) 6180  0110000110000000 ( 115)                 LDR   R0 R6 #0
(3231) 1DA1  0001110110100001 ( 116)                 ADD   R6 R6 #1
(3232) 6F80  0110111110000000 ( 117)                 LDR   R7 R6 #0
(3233) 1DA1  0001110110100001 ( 118)                 ADD   R6 R6 #1
(3234) C1C0  1100000111000000 ( 119)                 RET   
(3235) 102F  0001000000101111 ( 121) PrintProc       ADD   R0 R0 #15
(3236) 1DBF  0001110110111111 ( 122)                 ADD   R6 R6 #-1
(3237) 7F80  0111111110000000 ( 123)                 STR   R7 R6 #0
(3238) 1DBF  0001110110111111 ( 124)                 ADD   R6 R6 #-1
(3239) 7180  0111000110000000 ( 125)                 STR   R0 R6 #0
(323A) 1DBF  0001110110111111 ( 126)                 ADD   R6 R6 #-1
(323B) 7380  0111001110000000 ( 127)                 STR   R1 R6 #0
(323C) 1DBF  0001110110111111 ( 128)                 ADD   R6 R6 #-1
(323D) 7980  0111100110000000 ( 129)                 STR   R4 R6 #0
(323E) 6985  0110100110000101 ( 131)                 LDR   R4 R6 #5
(323F) 6384  0110001110000100 ( 132)                 LDR   R1 R6 #4
(3240) E090  1110000010010000 ( 134)                 LEA   R0 printarray
(3241) F022  1111000000100010 ( 135)                 TRAP  x22
(3242) 1120  0001000100100000 ( 136)                 ADD   R0 R4 #0
(3243) F021  1111000000100001 ( 137) loop            TRAP  x21
(3244) 1021  0001000000100001 ( 138)                 ADD   R0 R0 #1
(3245) 127F  0001001001111111 ( 139)                 ADD   R1 R1 #-1
(3246) 03FC  0000001111111100 ( 140)                 BRP   loop
(3247) E040  1110000001000000 ( 141)                 LEA   R0 newLine
(3248) F021  1111000000100001 ( 142)                 TRAP  x21
(3249) 6980  0110100110000000 ( 143)                 LDR   R4 R6 #0
(324A) 1DA1  0001110110100001 ( 144)                 ADD   R6 R6 #1
(324B) 6380  0110001110000000 ( 146)                 LDR   R1 R6 #0
(324C) 1DA1  0001110110100001 ( 147)                 ADD   R6 R6 #1
(324D) 6180  0110000110000000 ( 148)                 LDR   R0 R6 #0
(324E) 1DA1  0001110110100001 ( 149)                 ADD   R6 R6 #1
(324F) 6F80  0110111110000000 ( 150)                 LDR   R7 R6 #0
(3250) 1DA1  0001110110100001 ( 151)                 ADD   R6 R6 #1
(3251) 1DA2  0001110110100010 ( 154)                 ADD   R6 R6 #2
(3252) C1C0  1100000111000000 ( 156)                 RET   
(3253) 1DBF  0001110110111111 ( 158) SortProc        ADD   R6 R6 #-1
(3254) 7F80  0111111110000000 ( 159)                 STR   R7 R6 #0
(3255) 1DBF  0001110110111111 ( 160)                 ADD   R6 R6 #-1
(3256) 7180  0111000110000000 ( 161)                 STR   R0 R6 #0
(3257) 1DBF  0001110110111111 ( 162)                 ADD   R6 R6 #-1
(3258) 7380  0111001110000000 ( 163)                 STR   R1 R6 #0
(3259) 1DBF  0001110110111111 ( 164)                 ADD   R6 R6 #-1
(325A) 7980  0111100110000000 ( 165)                 STR   R4 R6 #0
(325B) 1DBF  0001110110111111 ( 166)                 ADD   R6 R6 #-1
(325C) 7580  0111010110000000 ( 167)                 STR   R2 R6 #0
(325D) 202A  0010000000101010 ( 178)                 LD    R0 newLine
(325E) F021  1111000000100001 ( 179)                 TRAP  x21
(325F) E029  1110000000101001 ( 180)                 LEA   R0 term
(3260) F022  1111000000100010 ( 181)                 TRAP  x22
(3261) F025  1111000000100101 ( 183) End             TRAP  x25
(3262) 0043  0000000001000011 ( 193) template        .FILL x0043
(3263) 0053  0000000001010011 ( 193)                 .FILL x0053
(3264) 0032  0000000000110010 ( 193)                 .FILL x0032
(3265) 0038  0000000000111000 ( 193)                 .FILL x0038
(3266) 0031  0000000000110001 ( 193)                 .FILL x0031
(3267) 0030  0000000000110000 ( 193)                 .FILL x0030
(3268) 002D  0000000000101101 ( 193)                 .FILL x002D
(3269) 0036  0000000000110110 ( 193)                 .FILL x0036
(326A) 0030  0000000000110000 ( 193)                 .FILL x0030
(326B) 0031  0000000000110001 ( 193)                 .FILL x0031
(326C) 000A  0000000000001010 ( 193)                 .FILL x000A
(326D) 004C  0000000001001100 ( 193)                 .FILL x004C
(326E) 0065  0000000001100101 ( 193)                 .FILL x0065
(326F) 0068  0000000001101000 ( 193)                 .FILL x0068
(3270) 0069  0000000001101001 ( 193)                 .FILL x0069
(3271) 0020  0000000000100000 ( 193)                 .FILL x0020
(3272) 0041  0000000001000001 ( 193)                 .FILL x0041
(3273) 006C  0000000001101100 ( 193)                 .FILL x006C
(3274) 0063  0000000001100011 ( 193)                 .FILL x0063
(3275) 0061  0000000001100001 ( 193)                 .FILL x0061
(3276) 006E  0000000001101110 ( 193)                 .FILL x006E
(3277) 0074  0000000001110100 ( 193)                 .FILL x0074
(3278) 0061  0000000001100001 ( 193)                 .FILL x0061
(3279) 0072  0000000001110010 ( 193)                 .FILL x0072
(327A) 0061  0000000001100001 ( 193)                 .FILL x0061
(327B) 000A  0000000000001010 ( 193)                 .FILL x000A
(327C) 0050  0000000001010000 ( 193)                 .FILL x0050
(327D) 0072  0000000001110010 ( 193)                 .FILL x0072
(327E) 006F  0000000001101111 ( 193)                 .FILL x006F
(327F) 006A  0000000001101010 ( 193)                 .FILL x006A
(3280) 0065  0000000001100101 ( 193)                 .FILL x0065
(3281) 0063  0000000001100011 ( 193)                 .FILL x0063
(3282) 0074  0000000001110100 ( 193)                 .FILL x0074
(3283) 0020  0000000000100000 ( 193)                 .FILL x0020
(3284) 0023  0000000000100011 ( 193)                 .FILL x0023
(3285) 0035  0000000000110101 ( 193)                 .FILL x0035
(3286) 000A  0000000000001010 ( 193)                 .FILL x000A
(3287) 0000  0000000000000000 ( 193)                 .FILL x0000
(3288) 000A  0000000000001010 ( 194) newLine         .FILL x000A
(3289) 0050  0000000001010000 ( 195) term            .FILL x0050
(328A) 0072  0000000001110010 ( 195)                 .FILL x0072
(328B) 006F  0000000001101111 ( 195)                 .FILL x006F
(328C) 0067  0000000001100111 ( 195)                 .FILL x0067
(328D) 0072  0000000001110010 ( 195)                 .FILL x0072
(328E) 0061  0000000001100001 ( 195)                 .FILL x0061
(328F) 006D  0000000001101101 ( 195)                 .FILL x006D
(3290) 0020  0000000000100000 ( 195)                 .FILL x0020
(3291) 0065  0000000001100101 ( 195)                 .FILL x0065
(3292) 0078  0000000001111000 ( 195)                 .FILL x0078
(3293) 0065  0000000001100101 ( 195)                 .FILL x0065
(3294) 0063  0000000001100011 ( 195)                 .FILL x0063
(3295) 0075  0000000001110101 ( 195)                 .FILL x0075
(3296) 0074  0000000001110100 ( 195)                 .FILL x0074
(3297) 0069  0000000001101001 ( 195)                 .FILL x0069
(3298) 006F  0000000001101111 ( 195)                 .FILL x006F
(3299) 006E  0000000001101110 ( 195)                 .FILL x006E
(329A) 0020  0000000000100000 ( 195)                 .FILL x0020
(329B) 0074  0000000001110100 ( 195)                 .FILL x0074
(329C) 0065  0000000001100101 ( 195)                 .FILL x0065
(329D) 0072  0000000001110010 ( 195)                 .FILL x0072
(329E) 006D  0000000001101101 ( 195)                 .FILL x006D
(329F) 0069  0000000001101001 ( 195)                 .FILL x0069
(32A0) 006E  0000000001101110 ( 195)                 .FILL x006E
(32A1) 0061  0000000001100001 ( 195)                 .FILL x0061
(32A2) 0074  0000000001110100 ( 195)                 .FILL x0074
(32A3) 0065  0000000001100101 ( 195)                 .FILL x0065
(32A4) 0064  0000000001100100 ( 195)                 .FILL x0064
(32A5) 0021  0000000000100001 ( 195)                 .FILL x0021
(32A6) 000A  0000000000001010 ( 195)                 .FILL x000A
(32A7) 0000  0000000000000000 ( 195)                 .FILL x0000
(32A8) 0054  0000000001010100 ( 196) set             .FILL x0054
(32A9) 0072  0000000001110010 ( 196)                 .FILL x0072
(32AA) 0061  0000000001100001 ( 196)                 .FILL x0061
(32AB) 0070  0000000001110000 ( 196)                 .FILL x0070
(32AC) 0020  0000000000100000 ( 196)                 .FILL x0020
(32AD) 0076  0000000001110110 ( 196)                 .FILL x0076
(32AE) 0065  0000000001100101 ( 196)                 .FILL x0065
(32AF) 0063  0000000001100011 ( 196)                 .FILL x0063
(32B0) 0074  0000000001110100 ( 196)                 .FILL x0074
(32B1) 006F  0000000001101111 ( 196)                 .FILL x006F
(32B2) 0072  0000000001110010 ( 196)                 .FILL x0072
(32B3) 0073  0000000001110011 ( 196)                 .FILL x0073
(32B4) 0020  0000000000100000 ( 196)                 .FILL x0020
(32B5) 0061  0000000001100001 ( 196)                 .FILL x0061
(32B6) 0072  0000000001110010 ( 196)                 .FILL x0072
(32B7) 0065  0000000001100101 ( 196)                 .FILL x0065
(32B8) 0020  0000000000100000 ( 196)                 .FILL x0020
(32B9) 0073  0000000001110011 ( 196)                 .FILL x0073
(32BA) 0065  0000000001100101 ( 196)                 .FILL x0065
(32BB) 0074  0000000001110100 ( 196)                 .FILL x0074
(32BC) 0020  0000000000100000 ( 196)                 .FILL x0020
(32BD) 0075  0000000001110101 ( 196)                 .FILL x0075
(32BE) 0070  0000000001110000 ( 196)                 .FILL x0070
(32BF) 0021  0000000000100001 ( 196)                 .FILL x0021
(32C0) 0000  0000000000000000 ( 196)                 .FILL x0000
(32C1) 0072  0000000001110010 ( 197) print           .FILL x0072
(32C2) 0065  0000000001100101 ( 197)                 .FILL x0065
(32C3) 0073  0000000001110011 ( 197)                 .FILL x0073
(32C4) 0074  0000000001110100 ( 197)                 .FILL x0074
(32C5) 006F  0000000001101111 ( 197)                 .FILL x006F
(32C6) 0072  0000000001110010 ( 197)                 .FILL x0072
(32C7) 0065  0000000001100101 ( 197)                 .FILL x0065
(32C8) 0020  0000000000100000 ( 197)                 .FILL x0020
(32C9) 0076  0000000001110110 ( 197)                 .FILL x0076
(32CA) 0065  0000000001100101 ( 197)                 .FILL x0065
(32CB) 0063  0000000001100011 ( 197)                 .FILL x0063
(32CC) 0074  0000000001110100 ( 197)                 .FILL x0074
(32CD) 006F  0000000001101111 ( 197)                 .FILL x006F
(32CE) 0072  0000000001110010 ( 197)                 .FILL x0072
(32CF) 0073  0000000001110011 ( 197)                 .FILL x0073
(32D0) 0000  0000000000000000 ( 197)                 .FILL x0000
(32D1) 0050  0000000001010000 ( 198) printarray      .FILL x0050
(32D2) 0072  0000000001110010 ( 198)                 .FILL x0072
(32D3) 0069  0000000001101001 ( 198)                 .FILL x0069
(32D4) 006E  0000000001101110 ( 198)                 .FILL x006E
(32D5) 0074  0000000001110100 ( 198)                 .FILL x0074
(32D6) 0069  0000000001101001 ( 198)                 .FILL x0069
(32D7) 006E  0000000001101110 ( 198)                 .FILL x006E
(32D8) 0067  0000000001100111 ( 198)                 .FILL x0067
(32D9) 0020  0000000000100000 ( 198)                 .FILL x0020
(32DA) 0061  0000000001100001 ( 198)                 .FILL x0061
(32DB) 0072  0000000001110010 ( 198)                 .FILL x0072
(32DC) 0072  0000000001110010 ( 198)                 .FILL x0072
(32DD) 0061  0000000001100001 ( 198)                 .FILL x0061
(32DE) 0079  0000000001111001 ( 198)                 .FILL x0079
(32DF) 0020  0000000000100000 ( 198)                 .FILL x0020
(32E0) 002E  0000000000101110 ( 198)                 .FILL x002E
(32E1) 0020  0000000000100000 ( 198)                 .FILL x0020
(32E2) 002E  0000000000101110 ( 198)                 .FILL x002E
(32E3) 0020  0000000000100000 ( 198)                 .FILL x0020
(32E4) 002E  0000000000101110 ( 198)                 .FILL x002E
(32E5) 0000  0000000000000000 ( 198)                 .FILL x0000
(32E6) 00F0  0000000011110000 ( 200) vectable1       .FILL x00F0
(32E7) 00F1  0000000011110001 ( 201) vectable2       .FILL x00F1
(32E8) 00F2  0000000011110010 ( 202) vectable3       .FILL x00F2
(32E9) FD00  1111110100000000 ( 204) rest            .FILL xFD00
