(0000) 3000  0011000000000000 (  38)                 .ORIG x3000
(3000) 5DA0  0101110110100000 (  41)                 AND   R6 R6 #0
(3001) E05F  1110000001011111 (  42)                 LEA   R0 template
(3002) F022  1111000000100010 (  43)                 TRAP  x22
(3003) E0F6  1110000011110110 (  44)                 LEA   R0 lookingPrint
(3004) F022  1111000000100010 (  45)                 TRAP  x22
(3005) A2F2  1010001011110010 (  47) loop            LDI   R1 pointer
(3006) 24EF  0010010011101111 (  48)                 LD    R2 mask
(3007) 5642  0101011001000010 (  49)                 AND   R3 R1 R2
(3008) 2CF0  0010110011110000 (  50)                 LD    R6 searchcomp
(3009) 16C6  0001011011000110 (  51)                 ADD   R3 R3 R6
(300A) 0409  0000010000001001 (  52)                 BRZ   Print
(300B) 22EC  0010001011101100 (  54) back            LD    R1 pointer
(300C) 1261  0001001001100001 (  55)                 ADD   R1 R1 #1
(300D) 32EA  0011001011101010 (  56)                 ST    R1 pointer
(300E) A8E8  1010100011101000 (  57)                 LDI   R4 end
(300F) 993F  1001100100111111 (  58)                 NOT   R4 R4
(3010) 1921  0001100100100001 (  59)                 ADD   R4 R4 #1
(3011) 1B01  0001101100000001 (  60)                 ADD   R5 R4 R1
(3012) 0DF2  0000110111110010 (  61)                 BRNZ  loop
(3013) 0230  0000001000110000 (  62)                 BRP   final
(3014) 24E0  0010010011100000 (  66) Print           LD    R2 counter
(3015) 14A1  0001010010100001 (  67)                 ADD   R2 R2 #1
(3016) 34DE  0011010011011110 (  68)                 ST    R2 counter
(3017) 54A0  0101010010100000 (  69)                 AND   R2 R2 #0
(3018) 14A4  0001010010100100 (  70)                 ADD   R2 R2 #4
(3019) E09E  1110000010011110 (  72)                 LEA   R0 message
(301A) F022  1111000000100010 (  73)                 TRAP  x22
(301B) 5DA0  0101110110100000 (  75) iterator1       AND   R6 R6 #0
(301C) 22DB  0010001011011011 (  76)                 LD    R1 pointer
(301D) 080A  0000100000001010 (  77)                 BRN   eight
(301E) 481B  0100100000011011 (  78)                 JSR   additself
(301F) 1260  0001001001100000 (  79) back8           ADD   R1 R1 #0
(3020) 080A  0000100000001010 (  80)                 BRN   four
(3021) 4818  0100100000011000 (  81)                 JSR   additself
(3022) 1260  0001001001100000 (  83) back4           ADD   R1 R1 #0
(3023) 080A  0000100000001010 (  84)                 BRN   two
(3024) 4815  0100100000010101 (  85)                 JSR   additself
(3025) 1260  0001001001100000 (  87) back2           ADD   R1 R1 #0
(3026) 080A  0000100000001010 (  88)                 BRN   myzero
(3027) 0E0B  0000111000001011 (  89)                 BRNZP test1
(3028) 1241  0001001001000001 (  93) eight           ADD   R1 R1 R1
(3029) 1DA8  0001110110101000 (  94)                 ADD   R6 R6 #8
(302A) 0FF4  0000111111110100 (  95)                 BRNZP back8
(302B) 1241  0001001001000001 (  96) four            ADD   R1 R1 R1
(302C) 1DA4  0001110110100100 (  97)                 ADD   R6 R6 #4
(302D) 0FF4  0000111111110100 (  98)                 BRNZP back4
(302E) 1241  0001001001000001 ( 100) two             ADD   R1 R1 R1
(302F) 1DA2  0001110110100010 ( 101)                 ADD   R6 R6 #2
(3030) 0FF4  0000111111110100 ( 102)                 BRNZP back2
(3031) 1241  0001001001000001 ( 104) myzero          ADD   R1 R1 R1
(3032) 1DA1  0001110110100001 ( 105)                 ADD   R6 R6 #1
(3033) EA1C  1110101000011100 ( 107) test1           LEA   R5 ARRAY12
(3034) 1B46  0001101101000110 ( 108)                 ADD   R5 R5 R6
(3035) 6140  0110000101000000 ( 109)                 LDR   R0 R5 #0
(3036) F021  1111000000100001 ( 110)                 TRAP  x21
(3037) 14BF  0001010010111111 ( 114) iterator2       ADD   R2 R2 #-1
(3038) 03E2  0000001111100010 ( 115)                 BRP   iterator1
(3039) 0FD1  0000111111010001 ( 116)                 BRNZP back
(303A) 3EB9  0011111010111001 ( 118) additself       ST    R7 saver7
(303B) 1241  0001001001000001 ( 119)                 ADD   R1 R1 R1
(303C) 2EB7  0010111010110111 ( 120)                 LD    R7 saver7
(303D) C1C0  1100000111000000 ( 121)                 RET   
(303E) E096  1110000010010110 ( 123) nodata          LEA   R0 nodataMessage
(303F) F022  1111000000100010 ( 124)                 TRAP  x22
(3040) 0E06  0000111000000110 ( 125)                 BRNZP final1
(3041) E046  1110000001000110 ( 126) enddata         LEA   R0 endMessage
(3042) F022  1111000000100010 ( 127)                 TRAP  x22
(3043) 0E03  0000111000000011 ( 128)                 BRNZP final1
(3044) 20B0  0010000010110000 ( 132) final           LD    R0 counter
(3045) 05F8  0000010111111000 ( 133)                 BRZ   nodata
(3046) 0FFA  0000111111111010 ( 134)                 BRNZP enddata
(3047) 2050  0010000001010000 ( 136) final1          LD    R0 newLine
(3048) F021  1111000000100001 ( 137)                 TRAP  x21
(3049) E04F  1110000001001111 ( 138)                 LEA   R0 term
(304A) F022  1111000000100010 ( 139)                 TRAP  x22
(304B) F025  1111000000100101 ( 143) End             TRAP  x25
(304C) 0000  0000000000000000 ( 152) saver0          .FILL x0000
(304D) 0000  0000000000000000 ( 153) saver1          .FILL x0000
(304E) 0000  0000000000000000 ( 154) saver2          .FILL x0000
(304F) 0000  0000000000000000 ( 155) saver3          .FILL x0000
(3050) 0030  0000000000110000 ( 156) ARRAY12         .FILL x0030
(3051) 0031  0000000000110001 ( 156)                 .FILL x0031
(3052) 0032  0000000000110010 ( 156)                 .FILL x0032
(3053) 0033  0000000000110011 ( 156)                 .FILL x0033
(3054) 0034  0000000000110100 ( 156)                 .FILL x0034
(3055) 0035  0000000000110101 ( 156)                 .FILL x0035
(3056) 0036  0000000000110110 ( 156)                 .FILL x0036
(3057) 0037  0000000000110111 ( 156)                 .FILL x0037
(3058) 0038  0000000000111000 ( 156)                 .FILL x0038
(3059) 0039  0000000000111001 ( 156)                 .FILL x0039
(305A) 0041  0000000001000001 ( 156)                 .FILL x0041
(305B) 0042  0000000001000010 ( 156)                 .FILL x0042
(305C) 0043  0000000001000011 ( 156)                 .FILL x0043
(305D) 0044  0000000001000100 ( 156)                 .FILL x0044
(305E) 0045  0000000001000101 ( 156)                 .FILL x0045
(305F) 0046  0000000001000110 ( 156)                 .FILL x0046
(3060) 0000  0000000000000000 ( 156)                 .FILL x0000
(3061) 0043  0000000001000011 ( 157) template        .FILL x0043
(3062) 0053  0000000001010011 ( 157)                 .FILL x0053
(3063) 0032  0000000000110010 ( 157)                 .FILL x0032
(3064) 0038  0000000000111000 ( 157)                 .FILL x0038
(3065) 0031  0000000000110001 ( 157)                 .FILL x0031
(3066) 0030  0000000000110000 ( 157)                 .FILL x0030
(3067) 002D  0000000000101101 ( 157)                 .FILL x002D
(3068) 0036  0000000000110110 ( 157)                 .FILL x0036
(3069) 0030  0000000000110000 ( 157)                 .FILL x0030
(306A) 0031  0000000000110001 ( 157)                 .FILL x0031
(306B) 000A  0000000000001010 ( 157)                 .FILL x000A
(306C) 004C  0000000001001100 ( 157)                 .FILL x004C
(306D) 0065  0000000001100101 ( 157)                 .FILL x0065
(306E) 0068  0000000001101000 ( 157)                 .FILL x0068
(306F) 0069  0000000001101001 ( 157)                 .FILL x0069
(3070) 0020  0000000000100000 ( 157)                 .FILL x0020
(3071) 0041  0000000001000001 ( 157)                 .FILL x0041
(3072) 006C  0000000001101100 ( 157)                 .FILL x006C
(3073) 0063  0000000001100011 ( 157)                 .FILL x0063
(3074) 0061  0000000001100001 ( 157)                 .FILL x0061
(3075) 006E  0000000001101110 ( 157)                 .FILL x006E
(3076) 0074  0000000001110100 ( 157)                 .FILL x0074
(3077) 0061  0000000001100001 ( 157)                 .FILL x0061
(3078) 0072  0000000001110010 ( 157)                 .FILL x0072
(3079) 0061  0000000001100001 ( 157)                 .FILL x0061
(307A) 000A  0000000000001010 ( 157)                 .FILL x000A
(307B) 0050  0000000001010000 ( 157)                 .FILL x0050
(307C) 0072  0000000001110010 ( 157)                 .FILL x0072
(307D) 006F  0000000001101111 ( 157)                 .FILL x006F
(307E) 006A  0000000001101010 ( 157)                 .FILL x006A
(307F) 0065  0000000001100101 ( 157)                 .FILL x0065
(3080) 0063  0000000001100011 ( 157)                 .FILL x0063
(3081) 0074  0000000001110100 ( 157)                 .FILL x0074
(3082) 0020  0000000000100000 ( 157)                 .FILL x0020
(3083) 0023  0000000000100011 ( 157)                 .FILL x0023
(3084) 0036  0000000000110110 ( 157)                 .FILL x0036
(3085) 000A  0000000000001010 ( 157)                 .FILL x000A
(3086) 0000  0000000000000000 ( 157)                 .FILL x0000
(3087) 0000  0000000000000000 ( 159) saver4          .FILL x0000
(3088) 000A  0000000000001010 ( 160) endMessage      .FILL x000A
(3089) 0045  0000000001000101 ( 160)                 .FILL x0045
(308A) 006E  0000000001101110 ( 160)                 .FILL x006E
(308B) 0064  0000000001100100 ( 160)                 .FILL x0064
(308C) 0020  0000000000100000 ( 160)                 .FILL x0020
(308D) 006F  0000000001101111 ( 160)                 .FILL x006F
(308E) 0066  0000000001100110 ( 160)                 .FILL x0066
(308F) 0020  0000000000100000 ( 160)                 .FILL x0020
(3090) 0053  0000000001010011 ( 160)                 .FILL x0053
(3091) 0065  0000000001100101 ( 160)                 .FILL x0065
(3092) 0061  0000000001100001 ( 160)                 .FILL x0061
(3093) 0072  0000000001110010 ( 160)                 .FILL x0072
(3094) 0063  0000000001100011 ( 160)                 .FILL x0063
(3095) 0068  0000000001101000 ( 160)                 .FILL x0068
(3096) 000A  0000000000001010 ( 160)                 .FILL x000A
(3097) 0000  0000000000000000 ( 160)                 .FILL x0000
(3098) 000A  0000000000001010 ( 161) newLine         .FILL x000A
(3099) 0050  0000000001010000 ( 162) term            .FILL x0050
(309A) 0072  0000000001110010 ( 162)                 .FILL x0072
(309B) 006F  0000000001101111 ( 162)                 .FILL x006F
(309C) 0067  0000000001100111 ( 162)                 .FILL x0067
(309D) 0072  0000000001110010 ( 162)                 .FILL x0072
(309E) 0061  0000000001100001 ( 162)                 .FILL x0061
(309F) 006D  0000000001101101 ( 162)                 .FILL x006D
(30A0) 0020  0000000000100000 ( 162)                 .FILL x0020
(30A1) 0065  0000000001100101 ( 162)                 .FILL x0065
(30A2) 0078  0000000001111000 ( 162)                 .FILL x0078
(30A3) 0065  0000000001100101 ( 162)                 .FILL x0065
(30A4) 0063  0000000001100011 ( 162)                 .FILL x0063
(30A5) 0075  0000000001110101 ( 162)                 .FILL x0075
(30A6) 0074  0000000001110100 ( 162)                 .FILL x0074
(30A7) 0069  0000000001101001 ( 162)                 .FILL x0069
(30A8) 006F  0000000001101111 ( 162)                 .FILL x006F
(30A9) 006E  0000000001101110 ( 162)                 .FILL x006E
(30AA) 0020  0000000000100000 ( 162)                 .FILL x0020
(30AB) 0074  0000000001110100 ( 162)                 .FILL x0074
(30AC) 0065  0000000001100101 ( 162)                 .FILL x0065
(30AD) 0072  0000000001110010 ( 162)                 .FILL x0072
(30AE) 006D  0000000001101101 ( 162)                 .FILL x006D
(30AF) 0069  0000000001101001 ( 162)                 .FILL x0069
(30B0) 006E  0000000001101110 ( 162)                 .FILL x006E
(30B1) 0061  0000000001100001 ( 162)                 .FILL x0061
(30B2) 0074  0000000001110100 ( 162)                 .FILL x0074
(30B3) 0065  0000000001100101 ( 162)                 .FILL x0065
(30B4) 0064  0000000001100100 ( 162)                 .FILL x0064
(30B5) 0021  0000000000100001 ( 162)                 .FILL x0021
(30B6) 000A  0000000000001010 ( 162)                 .FILL x000A
(30B7) 0000  0000000000000000 ( 162)                 .FILL x0000
(30B8) 004D  0000000001001101 ( 163) message         .FILL x004D
(30B9) 0041  0000000001000001 ( 163)                 .FILL x0041
(30BA) 0054  0000000001010100 ( 163)                 .FILL x0054
(30BB) 0043  0000000001000011 ( 163)                 .FILL x0043
(30BC) 0048  0000000001001000 ( 163)                 .FILL x0048
(30BD) 0020  0000000000100000 ( 163)                 .FILL x0020
(30BE) 0046  0000000001000110 ( 163)                 .FILL x0046
(30BF) 004F  0000000001001111 ( 163)                 .FILL x004F
(30C0) 0055  0000000001010101 ( 163)                 .FILL x0055
(30C1) 004E  0000000001001110 ( 163)                 .FILL x004E
(30C2) 0044  0000000001000100 ( 163)                 .FILL x0044
(30C3) 0020  0000000000100000 ( 163)                 .FILL x0020
(30C4) 0041  0000000001000001 ( 163)                 .FILL x0041
(30C5) 0054  0000000001010100 ( 163)                 .FILL x0054
(30C6) 0020  0000000000100000 ( 163)                 .FILL x0020
(30C7) 0041  0000000001000001 ( 163)                 .FILL x0041
(30C8) 0044  0000000001000100 ( 163)                 .FILL x0044
(30C9) 0052  0000000001010010 ( 163)                 .FILL x0052
(30CA) 0045  0000000001000101 ( 163)                 .FILL x0045
(30CB) 0053  0000000001010011 ( 163)                 .FILL x0053
(30CC) 0053  0000000001010011 ( 163)                 .FILL x0053
(30CD) 0045  0000000001000101 ( 163)                 .FILL x0045
(30CE) 0053  0000000001010011 ( 163)                 .FILL x0053
(30CF) 003A  0000000000111010 ( 163)                 .FILL x003A
(30D0) 000A  0000000000001010 ( 163)                 .FILL x000A
(30D1) 0020  0000000000100000 ( 163)                 .FILL x0020
(30D2) 0030  0000000000110000 ( 163)                 .FILL x0030
(30D3) 0078  0000000001111000 ( 163)                 .FILL x0078
(30D4) 0000  0000000000000000 ( 163)                 .FILL x0000
(30D5) 004D  0000000001001101 ( 164) nodataMessage   .FILL x004D
(30D6) 0061  0000000001100001 ( 164)                 .FILL x0061
(30D7) 0074  0000000001110100 ( 164)                 .FILL x0074
(30D8) 0063  0000000001100011 ( 164)                 .FILL x0063
(30D9) 0068  0000000001101000 ( 164)                 .FILL x0068
(30DA) 0020  0000000000100000 ( 164)                 .FILL x0020
(30DB) 006E  0000000001101110 ( 164)                 .FILL x006E
(30DC) 006F  0000000001101111 ( 164)                 .FILL x006F
(30DD) 0074  0000000001110100 ( 164)                 .FILL x0074
(30DE) 0020  0000000000100000 ( 164)                 .FILL x0020
(30DF) 0066  0000000001100110 ( 164)                 .FILL x0066
(30E0) 006F  0000000001101111 ( 164)                 .FILL x006F
(30E1) 0075  0000000001110101 ( 164)                 .FILL x0075
(30E2) 006E  0000000001101110 ( 164)                 .FILL x006E
(30E3) 0064  0000000001100100 ( 164)                 .FILL x0064
(30E4) 000A  0000000000001010 ( 164)                 .FILL x000A
(30E5) 0020  0000000000100000 ( 164)                 .FILL x0020
(30E6) 0045  0000000001000101 ( 164)                 .FILL x0045
(30E7) 006E  0000000001101110 ( 164)                 .FILL x006E
(30E8) 0064  0000000001100100 ( 164)                 .FILL x0064
(30E9) 0020  0000000000100000 ( 164)                 .FILL x0020
(30EA) 006F  0000000001101111 ( 164)                 .FILL x006F
(30EB) 0066  0000000001100110 ( 164)                 .FILL x0066
(30EC) 0020  0000000000100000 ( 164)                 .FILL x0020
(30ED) 0073  0000000001110011 ( 164)                 .FILL x0073
(30EE) 0065  0000000001100101 ( 164)                 .FILL x0065
(30EF) 0061  0000000001100001 ( 164)                 .FILL x0061
(30F0) 0072  0000000001110010 ( 164)                 .FILL x0072
(30F1) 0063  0000000001100011 ( 164)                 .FILL x0063
(30F2) 0068  0000000001101000 ( 164)                 .FILL x0068
(30F3) 0000  0000000000000000 ( 164)                 .FILL x0000
(30F4) 0000  0000000000000000 ( 165) saver7          .FILL x0000
(30F5) 0000  0000000000000000 ( 166) counter         .FILL x0000
(30F6) C083  1100000010000011 ( 167) mask            .FILL xC083
(30F7) 40FF  0100000011111111 ( 169) end             .FILL x40FF
(30F8) 4000  0100000000000000 ( 170) pointer         .FILL x4000
(30F9) 7F80  0111111110000000 ( 171) searchcomp      .FILL x7F80
(30FA) 004C  0000000001001100 ( 172) lookingPrint    .FILL x004C
(30FB) 006F  0000000001101111 ( 172)                 .FILL x006F
(30FC) 006F  0000000001101111 ( 172)                 .FILL x006F
(30FD) 006B  0000000001101011 ( 172)                 .FILL x006B
(30FE) 0069  0000000001101001 ( 172)                 .FILL x0069
(30FF) 006E  0000000001101110 ( 172)                 .FILL x006E
(3100) 0067  0000000001100111 ( 172)                 .FILL x0067
(3101) 0020  0000000000100000 ( 172)                 .FILL x0020
(3102) 0066  0000000001100110 ( 172)                 .FILL x0066
(3103) 006F  0000000001101111 ( 172)                 .FILL x006F
(3104) 0072  0000000001110010 ( 172)                 .FILL x0072
(3105) 0020  0000000000100000 ( 172)                 .FILL x0020
(3106) 0074  0000000001110100 ( 172)                 .FILL x0074
(3107) 0068  0000000001101000 ( 172)                 .FILL x0068
(3108) 0065  0000000001100101 ( 172)                 .FILL x0065
(3109) 0020  0000000000100000 ( 172)                 .FILL x0020
(310A) 0066  0000000001100110 ( 172)                 .FILL x0066
(310B) 006F  0000000001101111 ( 172)                 .FILL x006F
(310C) 006C  0000000001101100 ( 172)                 .FILL x006C
(310D) 006C  0000000001101100 ( 172)                 .FILL x006C
(310E) 006F  0000000001101111 ( 172)                 .FILL x006F
(310F) 0077  0000000001110111 ( 172)                 .FILL x0077
(3110) 0069  0000000001101001 ( 172)                 .FILL x0069
(3111) 006E  0000000001101110 ( 172)                 .FILL x006E
(3112) 0067  0000000001100111 ( 172)                 .FILL x0067
(3113) 003A  0000000000111010 ( 172)                 .FILL x003A
(3114) 0020  0000000000100000 ( 172)                 .FILL x0020
(3115) 0020  0000000000100000 ( 172)                 .FILL x0020
(3116) 0020  0000000000100000 ( 172)                 .FILL x0020
(3117) 0020  0000000000100000 ( 172)                 .FILL x0020
(3118) 0030  0000000000110000 ( 172)                 .FILL x0030
(3119) 0062  0000000001100010 ( 172)                 .FILL x0062
(311A) 0031  0000000000110001 ( 172)                 .FILL x0031
(311B) 0030  0000000000110000 ( 172)                 .FILL x0030
(311C) 0058  0000000001011000 ( 172)                 .FILL x0058
(311D) 0058  0000000001011000 ( 172)                 .FILL x0058
(311E) 0058  0000000001011000 ( 172)                 .FILL x0058
(311F) 0058  0000000001011000 ( 172)                 .FILL x0058
(3120) 0058  0000000001011000 ( 172)                 .FILL x0058
(3121) 0058  0000000001011000 ( 172)                 .FILL x0058
(3122) 0031  0000000000110001 ( 172)                 .FILL x0031
(3123) 0058  0000000001011000 ( 172)                 .FILL x0058
(3124) 0058  0000000001011000 ( 172)                 .FILL x0058
(3125) 0058  0000000001011000 ( 172)                 .FILL x0058
(3126) 0058  0000000001011000 ( 172)                 .FILL x0058
(3127) 0058  0000000001011000 ( 172)                 .FILL x0058
(3128) 0030  0000000000110000 ( 172)                 .FILL x0030
(3129) 0030  0000000000110000 ( 172)                 .FILL x0030
(312A) 000A  0000000000001010 ( 172)                 .FILL x000A
(312B) 0020  0000000000100000 ( 172)                 .FILL x0020
(312C) 0020  0000000000100000 ( 172)                 .FILL x0020
(312D) 0020  0000000000100000 ( 172)                 .FILL x0020
(312E) 0020  0000000000100000 ( 172)                 .FILL x0020
(312F) 0020  0000000000100000 ( 172)                 .FILL x0020
(3130) 0020  0000000000100000 ( 172)                 .FILL x0020
(3131) 0020  0000000000100000 ( 172)                 .FILL x0020
(3132) 0020  0000000000100000 ( 172)                 .FILL x0020
(3133) 0020  0000000000100000 ( 172)                 .FILL x0020
(3134) 0020  0000000000100000 ( 172)                 .FILL x0020
(3135) 0020  0000000000100000 ( 172)                 .FILL x0020
(3136) 0020  0000000000100000 ( 172)                 .FILL x0020
(3137) 0020  0000000000100000 ( 172)                 .FILL x0020
(3138) 0020  0000000000100000 ( 172)                 .FILL x0020
(3139) 0020  0000000000100000 ( 172)                 .FILL x0020
(313A) 0020  0000000000100000 ( 172)                 .FILL x0020
(313B) 0020  0000000000100000 ( 172)                 .FILL x0020
(313C) 0020  0000000000100000 ( 172)                 .FILL x0020
(313D) 0020  0000000000100000 ( 172)                 .FILL x0020
(313E) 0020  0000000000100000 ( 172)                 .FILL x0020
(313F) 0020  0000000000100000 ( 172)                 .FILL x0020
(3140) 0020  0000000000100000 ( 172)                 .FILL x0020
(3141) 0020  0000000000100000 ( 172)                 .FILL x0020
(3142) 0020  0000000000100000 ( 172)                 .FILL x0020
(3143) 0020  0000000000100000 ( 172)                 .FILL x0020
(3144) 0020  0000000000100000 ( 172)                 .FILL x0020
(3145) 0020  0000000000100000 ( 172)                 .FILL x0020
(3146) 0020  0000000000100000 ( 172)                 .FILL x0020
(3147) 0020  0000000000100000 ( 172)                 .FILL x0020
(3148) 0040  0000000001000000 ( 172)                 .FILL x0040
(3149) 0020  0000000000100000 ( 172)                 .FILL x0020
(314A) 0041  0000000001000001 ( 172)                 .FILL x0041
(314B) 0064  0000000001100100 ( 172)                 .FILL x0064
(314C) 0064  0000000001100100 ( 172)                 .FILL x0064
(314D) 0072  0000000001110010 ( 172)                 .FILL x0072
(314E) 0065  0000000001100101 ( 172)                 .FILL x0065
(314F) 0073  0000000001110011 ( 172)                 .FILL x0073
(3150) 0073  0000000001110011 ( 172)                 .FILL x0073
(3151) 0065  0000000001100101 ( 172)                 .FILL x0065
(3152) 0073  0000000001110011 ( 172)                 .FILL x0073
(3153) 0020  0000000000100000 ( 172)                 .FILL x0020
(3154) 0030  0000000000110000 ( 172)                 .FILL x0030
(3155) 0078  0000000001111000 ( 172)                 .FILL x0078
(3156) 0034  0000000000110100 ( 172)                 .FILL x0034
(3157) 0030  0000000000110000 ( 172)                 .FILL x0030
(3158) 0030  0000000000110000 ( 172)                 .FILL x0030
(3159) 0030  0000000000110000 ( 172)                 .FILL x0030
(315A) 0020  0000000000100000 ( 172)                 .FILL x0020
(315B) 0074  0000000001110100 ( 172)                 .FILL x0074
(315C) 006F  0000000001101111 ( 172)                 .FILL x006F
(315D) 0020  0000000000100000 ( 172)                 .FILL x0020
(315E) 0030  0000000000110000 ( 172)                 .FILL x0030
(315F) 0078  0000000001111000 ( 172)                 .FILL x0078
(3160) 0034  0000000000110100 ( 172)                 .FILL x0034
(3161) 0030  0000000000110000 ( 172)                 .FILL x0030
(3162) 0046  0000000001000110 ( 172)                 .FILL x0046
(3163) 0046  0000000001000110 ( 172)                 .FILL x0046
(3164) 000A  0000000000001010 ( 172)                 .FILL x000A
(3165) 0000  0000000000000000 ( 172)                 .FILL x0000
(3166) FFF0  1111111111110000 ( 173) divide          .FILL xFFF0
(3167) 00F0  0000000011110000 ( 174) mask1           .FILL x00F0
(3168) 0030  0000000000110000 ( 175) zero            .FILL x0030
(3169) 0040  0000000001000000 ( 176) fourty          .FILL x0040
(316A) 0000  0000000000000000 ( 177) savecount       .FILL x0000
(316B) 0030  0000000000110000 ( 178) moreprint       .FILL x0030
(316C) 0078  0000000001111000 ( 178)                 .FILL x0078
(316D) 0000  0000000000000000 ( 178)                 .FILL x0000
(316E) 0010  0000000000010000 ( 179) test            .FILL x0010
