(0000) 3200  0011001000000000 (  38)                 .ORIG x3200
(3200) E007  1110000000000111 (  39)                 LEA   R0 template
(3201) F022  1111000000100010 (  40)                 TRAP  x22
(3202) 2004  0010000000000100 (  65)                 LD    R0 newLine
(3203) F021  1111000000100001 (  66)                 TRAP  x21
(3204) E029  1110000000101001 (  67)                 LEA   R0 term
(3205) F022  1111000000100010 (  68)                 TRAP  x22
(3206) F025  1111000000100101 (  69) End             TRAP  x25
(3207) 000A  0000000000001010 (  78) newLine         .FILL x000A
(3208) 0043  0000000001000011 (  79) template        .FILL x0043
(3209) 0053  0000000001010011 (  79)                 .FILL x0053
(320A) 0032  0000000000110010 (  79)                 .FILL x0032
(320B) 0038  0000000000111000 (  79)                 .FILL x0038
(320C) 0031  0000000000110001 (  79)                 .FILL x0031
(320D) 0030  0000000000110000 (  79)                 .FILL x0030
(320E) 002D  0000000000101101 (  79)                 .FILL x002D
(320F) 0036  0000000000110110 (  79)                 .FILL x0036
(3210) 0030  0000000000110000 (  79)                 .FILL x0030
(3211) 0031  0000000000110001 (  79)                 .FILL x0031
(3212) 000A  0000000000001010 (  79)                 .FILL x000A
(3213) 004C  0000000001001100 (  79)                 .FILL x004C
(3214) 0065  0000000001100101 (  79)                 .FILL x0065
(3215) 0068  0000000001101000 (  79)                 .FILL x0068
(3216) 0069  0000000001101001 (  79)                 .FILL x0069
(3217) 0020  0000000000100000 (  79)                 .FILL x0020
(3218) 0041  0000000001000001 (  79)                 .FILL x0041
(3219) 006C  0000000001101100 (  79)                 .FILL x006C
(321A) 0063  0000000001100011 (  79)                 .FILL x0063
(321B) 0061  0000000001100001 (  79)                 .FILL x0061
(321C) 006E  0000000001101110 (  79)                 .FILL x006E
(321D) 0074  0000000001110100 (  79)                 .FILL x0074
(321E) 0061  0000000001100001 (  79)                 .FILL x0061
(321F) 0072  0000000001110010 (  79)                 .FILL x0072
(3220) 0061  0000000001100001 (  79)                 .FILL x0061
(3221) 000A  0000000000001010 (  79)                 .FILL x000A
(3222) 0050  0000000001010000 (  79)                 .FILL x0050
(3223) 0072  0000000001110010 (  79)                 .FILL x0072
(3224) 006F  0000000001101111 (  79)                 .FILL x006F
(3225) 006A  0000000001101010 (  79)                 .FILL x006A
(3226) 0065  0000000001100101 (  79)                 .FILL x0065
(3227) 0063  0000000001100011 (  79)                 .FILL x0063
(3228) 0074  0000000001110100 (  79)                 .FILL x0074
(3229) 0020  0000000000100000 (  79)                 .FILL x0020
(322A) 0023  0000000000100011 (  79)                 .FILL x0023
(322B) 0035  0000000000110101 (  79)                 .FILL x0035
(322C) 000A  0000000000001010 (  79)                 .FILL x000A
(322D) 0000  0000000000000000 (  79)                 .FILL x0000
(322E) 0050  0000000001010000 (  82) term            .FILL x0050
(322F) 0072  0000000001110010 (  82)                 .FILL x0072
(3230) 006F  0000000001101111 (  82)                 .FILL x006F
(3231) 0067  0000000001100111 (  82)                 .FILL x0067
(3232) 0072  0000000001110010 (  82)                 .FILL x0072
(3233) 0061  0000000001100001 (  82)                 .FILL x0061
(3234) 006D  0000000001101101 (  82)                 .FILL x006D
(3235) 0020  0000000000100000 (  82)                 .FILL x0020
(3236) 0065  0000000001100101 (  82)                 .FILL x0065
(3237) 0078  0000000001111000 (  82)                 .FILL x0078
(3238) 0065  0000000001100101 (  82)                 .FILL x0065
(3239) 0063  0000000001100011 (  82)                 .FILL x0063
(323A) 0075  0000000001110101 (  82)                 .FILL x0075
(323B) 0074  0000000001110100 (  82)                 .FILL x0074
(323C) 0069  0000000001101001 (  82)                 .FILL x0069
(323D) 006F  0000000001101111 (  82)                 .FILL x006F
(323E) 006E  0000000001101110 (  82)                 .FILL x006E
(323F) 0020  0000000000100000 (  82)                 .FILL x0020
(3240) 0074  0000000001110100 (  82)                 .FILL x0074
(3241) 0065  0000000001100101 (  82)                 .FILL x0065
(3242) 0072  0000000001110010 (  82)                 .FILL x0072
(3243) 006D  0000000001101101 (  82)                 .FILL x006D
(3244) 0069  0000000001101001 (  82)                 .FILL x0069
(3245) 006E  0000000001101110 (  82)                 .FILL x006E
(3246) 0061  0000000001100001 (  82)                 .FILL x0061
(3247) 0074  0000000001110100 (  82)                 .FILL x0074
(3248) 0065  0000000001100101 (  82)                 .FILL x0065
(3249) 0064  0000000001100100 (  82)                 .FILL x0064
(324A) 0021  0000000000100001 (  82)                 .FILL x0021
(324B) 000A  0000000000001010 (  82)                 .FILL x000A
(324C) 0000  0000000000000000 (  82)                 .FILL x0000
