(0000) 3000  0011000000000000 (  40)                 .ORIG x3000
(3000) E04E  1110000001001110 (  44) MyMain          LEA   R0 template
(3001) F022  1111000000100010 (  45)                 TRAP  x22
(3002) 2030  0010000000110000 (  47)                 LD    R0 newLine
(3003) F021  1111000000100001 (  48)                 TRAP  x21
(3004) E08F  1110000010001111 (  50)                 LEA   R0 message
(3005) F022  1111000000100010 (  51)                 TRAP  x22
(3006) F020  1111000000100000 (  52)                 TRAP  x20
(3007) E426  1110010000100110 (  53)                 LEA   R2 array
(3008) 7080  0111000010000000 (  54)                 STR   R0 R2 #0
(3009) F021  1111000000100001 (  55)                 TRAP  x21
(300A) 2028  0010000000101000 (  56)                 LD    R0 newLine
(300B) F021  1111000000100001 (  57)                 TRAP  x21
(300C) E087  1110000010000111 (  59)                 LEA   R0 message
(300D) F022  1111000000100010 (  60)                 TRAP  x22
(300E) F020  1111000000100000 (  61)                 TRAP  x20
(300F) 7081  0111000010000001 (  62)                 STR   R0 R2 #1
(3010) F021  1111000000100001 (  63)                 TRAP  x21
(3011) 2021  0010000000100001 (  64)                 LD    R0 newLine
(3012) F021  1111000000100001 (  65)                 TRAP  x21
(3013) E080  1110000010000000 (  67)                 LEA   R0 message
(3014) F022  1111000000100010 (  68)                 TRAP  x22
(3015) F020  1111000000100000 (  69)                 TRAP  x20
(3016) 7082  0111000010000010 (  70)                 STR   R0 R2 #2
(3017) F021  1111000000100001 (  71)                 TRAP  x21
(3018) 201A  0010000000011010 (  72)                 LD    R0 newLine
(3019) F021  1111000000100001 (  73)                 TRAP  x21
(301A) E079  1110000001111001 (  75)                 LEA   R0 message
(301B) F022  1111000000100010 (  76)                 TRAP  x22
(301C) F020  1111000000100000 (  77)                 TRAP  x20
(301D) 7083  0111000010000011 (  78)                 STR   R0 R2 #3
(301E) F021  1111000000100001 (  79)                 TRAP  x21
(301F) 2013  0010000000010011 (  80)                 LD    R0 newLine
(3020) F021  1111000000100001 (  81)                 TRAP  x21
(3021) 2011  0010000000010001 (  83)                 LD    R0 newLine
(3022) F021  1111000000100001 (  84)                 TRAP  x21
(3023) E010  1110000000010000 (  86)                 LEA   R0 print
(3024) F022  1111000000100010 (  87)                 TRAP  x22
(3025) E008  1110000000001000 (  89)                 LEA   R0 array
(3026) F022  1111000000100010 (  90)                 TRAP  x22
(3027) 200B  0010000000001011 (  92)                 LD    R0 newLine
(3028) F021  1111000000100001 (  93)                 TRAP  x21
(3029) 2009  0010000000001001 (  95)                 LD    R0 newLine
(302A) F021  1111000000100001 (  96)                 TRAP  x21
(302B) E049  1110000001001001 (  98)                 LEA   R0 term
(302C) F022  1111000000100010 (  99)                 TRAP  x22
(302D) F025  1111000000100101 ( 102) MyMainEnd       TRAP  x25
(302E) 0000  0000000000000000 ( 113) array           .FILL x0000
(302F) 0000  0000000000000000 ( 113)                 .FILL x0000
(3030) 0000  0000000000000000 ( 113)                 .FILL x0000
(3031) 0000  0000000000000000 ( 113)                 .FILL x0000
(3032) 0000  0000000000000000 ( 113) MyNull          .FILL x0000
(3033) 000A  0000000000001010 ( 114) newLine         .FILL x000A
(3034) 0059  0000000001011001 ( 115) print           .FILL x0059
(3035) 006F  0000000001101111 ( 115)                 .FILL x006F
(3036) 0075  0000000001110101 ( 115)                 .FILL x0075
(3037) 0020  0000000000100000 ( 115)                 .FILL x0020
(3038) 0069  0000000001101001 ( 115)                 .FILL x0069
(3039) 006E  0000000001101110 ( 115)                 .FILL x006E
(303A) 0070  0000000001110000 ( 115)                 .FILL x0070
(303B) 0075  0000000001110101 ( 115)                 .FILL x0075
(303C) 0074  0000000001110100 ( 115)                 .FILL x0074
(303D) 0020  0000000000100000 ( 115)                 .FILL x0020
(303E) 0074  0000000001110100 ( 115)                 .FILL x0074
(303F) 0068  0000000001101000 ( 115)                 .FILL x0068
(3040) 0065  0000000001100101 ( 115)                 .FILL x0065
(3041) 0020  0000000000100000 ( 115)                 .FILL x0020
(3042) 0063  0000000001100011 ( 115)                 .FILL x0063
(3043) 0068  0000000001101000 ( 115)                 .FILL x0068
(3044) 0061  0000000001100001 ( 115)                 .FILL x0061
(3045) 0072  0000000001110010 ( 115)                 .FILL x0072
(3046) 0061  0000000001100001 ( 115)                 .FILL x0061
(3047) 0063  0000000001100011 ( 115)                 .FILL x0063
(3048) 0074  0000000001110100 ( 115)                 .FILL x0074
(3049) 0065  0000000001100101 ( 115)                 .FILL x0065
(304A) 0072  0000000001110010 ( 115)                 .FILL x0072
(304B) 0073  0000000001110011 ( 115)                 .FILL x0073
(304C) 003A  0000000000111010 ( 115)                 .FILL x003A
(304D) 0020  0000000000100000 ( 115)                 .FILL x0020
(304E) 0000  0000000000000000 ( 115)                 .FILL x0000
(304F) 0043  0000000001000011 ( 117) template        .FILL x0043
(3050) 0053  0000000001010011 ( 117)                 .FILL x0053
(3051) 0032  0000000000110010 ( 117)                 .FILL x0032
(3052) 0038  0000000000111000 ( 117)                 .FILL x0038
(3053) 0031  0000000000110001 ( 117)                 .FILL x0031
(3054) 0030  0000000000110000 ( 117)                 .FILL x0030
(3055) 002D  0000000000101101 ( 117)                 .FILL x002D
(3056) 0036  0000000000110110 ( 117)                 .FILL x0036
(3057) 0030  0000000000110000 ( 117)                 .FILL x0030
(3058) 0031  0000000000110001 ( 117)                 .FILL x0031
(3059) 000A  0000000000001010 ( 117)                 .FILL x000A
(305A) 004C  0000000001001100 ( 117)                 .FILL x004C
(305B) 0065  0000000001100101 ( 117)                 .FILL x0065
(305C) 0068  0000000001101000 ( 117)                 .FILL x0068
(305D) 0069  0000000001101001 ( 117)                 .FILL x0069
(305E) 0020  0000000000100000 ( 117)                 .FILL x0020
(305F) 0041  0000000001000001 ( 117)                 .FILL x0041
(3060) 006C  0000000001101100 ( 117)                 .FILL x006C
(3061) 0063  0000000001100011 ( 117)                 .FILL x0063
(3062) 0061  0000000001100001 ( 117)                 .FILL x0061
(3063) 006E  0000000001101110 ( 117)                 .FILL x006E
(3064) 0074  0000000001110100 ( 117)                 .FILL x0074
(3065) 0061  0000000001100001 ( 117)                 .FILL x0061
(3066) 0072  0000000001110010 ( 117)                 .FILL x0072
(3067) 0061  0000000001100001 ( 117)                 .FILL x0061
(3068) 000A  0000000000001010 ( 117)                 .FILL x000A
(3069) 0050  0000000001010000 ( 117)                 .FILL x0050
(306A) 0072  0000000001110010 ( 117)                 .FILL x0072
(306B) 006F  0000000001101111 ( 117)                 .FILL x006F
(306C) 006A  0000000001101010 ( 117)                 .FILL x006A
(306D) 0065  0000000001100101 ( 117)                 .FILL x0065
(306E) 0063  0000000001100011 ( 117)                 .FILL x0063
(306F) 0074  0000000001110100 ( 117)                 .FILL x0074
(3070) 0020  0000000000100000 ( 117)                 .FILL x0020
(3071) 0023  0000000000100011 ( 117)                 .FILL x0023
(3072) 0032  0000000000110010 ( 117)                 .FILL x0032
(3073) 000A  0000000000001010 ( 117)                 .FILL x000A
(3074) 0000  0000000000000000 ( 117)                 .FILL x0000
(3075) 0050  0000000001010000 ( 118) term            .FILL x0050
(3076) 0072  0000000001110010 ( 118)                 .FILL x0072
(3077) 006F  0000000001101111 ( 118)                 .FILL x006F
(3078) 0067  0000000001100111 ( 118)                 .FILL x0067
(3079) 0072  0000000001110010 ( 118)                 .FILL x0072
(307A) 0061  0000000001100001 ( 118)                 .FILL x0061
(307B) 006D  0000000001101101 ( 118)                 .FILL x006D
(307C) 0020  0000000000100000 ( 118)                 .FILL x0020
(307D) 0065  0000000001100101 ( 118)                 .FILL x0065
(307E) 0078  0000000001111000 ( 118)                 .FILL x0078
(307F) 0065  0000000001100101 ( 118)                 .FILL x0065
(3080) 0063  0000000001100011 ( 118)                 .FILL x0063
(3081) 0075  0000000001110101 ( 118)                 .FILL x0075
(3082) 0074  0000000001110100 ( 118)                 .FILL x0074
(3083) 0069  0000000001101001 ( 118)                 .FILL x0069
(3084) 006F  0000000001101111 ( 118)                 .FILL x006F
(3085) 006E  0000000001101110 ( 118)                 .FILL x006E
(3086) 0020  0000000000100000 ( 118)                 .FILL x0020
(3087) 0074  0000000001110100 ( 118)                 .FILL x0074
(3088) 0065  0000000001100101 ( 118)                 .FILL x0065
(3089) 0072  0000000001110010 ( 118)                 .FILL x0072
(308A) 006D  0000000001101101 ( 118)                 .FILL x006D
(308B) 0069  0000000001101001 ( 118)                 .FILL x0069
(308C) 006E  0000000001101110 ( 118)                 .FILL x006E
(308D) 0061  0000000001100001 ( 118)                 .FILL x0061
(308E) 0074  0000000001110100 ( 118)                 .FILL x0074
(308F) 0065  0000000001100101 ( 118)                 .FILL x0065
(3090) 0064  0000000001100100 ( 118)                 .FILL x0064
(3091) 0021  0000000000100001 ( 118)                 .FILL x0021
(3092) 000A  0000000000001010 ( 118)                 .FILL x000A
(3093) 0000  0000000000000000 ( 118)                 .FILL x0000
(3094) 0050  0000000001010000 ( 119) message         .FILL x0050
(3095) 006C  0000000001101100 ( 119)                 .FILL x006C
(3096) 0065  0000000001100101 ( 119)                 .FILL x0065
(3097) 0061  0000000001100001 ( 119)                 .FILL x0061
(3098) 0073  0000000001110011 ( 119)                 .FILL x0073
(3099) 0065  0000000001100101 ( 119)                 .FILL x0065
(309A) 0020  0000000000100000 ( 119)                 .FILL x0020
(309B) 0069  0000000001101001 ( 119)                 .FILL x0069
(309C) 006E  0000000001101110 ( 119)                 .FILL x006E
(309D) 0070  0000000001110000 ( 119)                 .FILL x0070
(309E) 0075  0000000001110101 ( 119)                 .FILL x0075
(309F) 0074  0000000001110100 ( 119)                 .FILL x0074
(30A0) 0020  0000000000100000 ( 119)                 .FILL x0020
(30A1) 0061  0000000001100001 ( 119)                 .FILL x0061
(30A2) 0020  0000000000100000 ( 119)                 .FILL x0020
(30A3) 0063  0000000001100011 ( 119)                 .FILL x0063
(30A4) 0068  0000000001101000 ( 119)                 .FILL x0068
(30A5) 0061  0000000001100001 ( 119)                 .FILL x0061
(30A6) 0072  0000000001110010 ( 119)                 .FILL x0072
(30A7) 0061  0000000001100001 ( 119)                 .FILL x0061
(30A8) 0063  0000000001100011 ( 119)                 .FILL x0063
(30A9) 0074  0000000001110100 ( 119)                 .FILL x0074
(30AA) 0065  0000000001100101 ( 119)                 .FILL x0065
(30AB) 0072  0000000001110010 ( 119)                 .FILL x0072
(30AC) 003A  0000000000111010 ( 119)                 .FILL x003A
(30AD) 0020  0000000000100000 ( 119)                 .FILL x0020
(30AE) 0000  0000000000000000 ( 119)                 .FILL x0000
