(0000) 3000  0011000000000000 (  40)                 .ORIG x3000
(3000) E050  1110000001010000 (  44) MyMain          LEA   R0 template
(3001) F022  1111000000100010 (  45)                 TRAP  x22
(3002) 2032  0010000000110010 (  47)                 LD    R0 newLine
(3003) F021  1111000000100001 (  48)                 TRAP  x21
(3004) E091  1110000010010001 (  50)                 LEA   R0 message
(3005) F022  1111000000100010 (  51)                 TRAP  x22
(3006) F020  1111000000100000 (  52)                 TRAP  x20
(3007) E428  1110010000101000 (  53)                 LEA   R2 array
(3008) 7080  0111000010000000 (  54)                 STR   R0 R2 #0
(3009) F021  1111000000100001 (  55)                 TRAP  x21
(300A) 202A  0010000000101010 (  56)                 LD    R0 newLine
(300B) F021  1111000000100001 (  57)                 TRAP  x21
(300C) E089  1110000010001001 (  59)                 LEA   R0 message
(300D) F022  1111000000100010 (  60)                 TRAP  x22
(300E) F020  1111000000100000 (  61)                 TRAP  x20
(300F) 7081  0111000010000001 (  62)                 STR   R0 R2 #1
(3010) F021  1111000000100001 (  63)                 TRAP  x21
(3011) 2023  0010000000100011 (  64)                 LD    R0 newLine
(3012) F021  1111000000100001 (  65)                 TRAP  x21
(3013) E082  1110000010000010 (  67)                 LEA   R0 message
(3014) F022  1111000000100010 (  68)                 TRAP  x22
(3015) F020  1111000000100000 (  69)                 TRAP  x20
(3016) 7082  0111000010000010 (  70)                 STR   R0 R2 #2
(3017) F021  1111000000100001 (  71)                 TRAP  x21
(3018) 201C  0010000000011100 (  72)                 LD    R0 newLine
(3019) F021  1111000000100001 (  73)                 TRAP  x21
(301A) E07B  1110000001111011 (  75)                 LEA   R0 message
(301B) F022  1111000000100010 (  76)                 TRAP  x22
(301C) F020  1111000000100000 (  77)                 TRAP  x20
(301D) 7083  0111000010000011 (  78)                 STR   R0 R2 #3
(301E) F021  1111000000100001 (  79)                 TRAP  x21
(301F) 2015  0010000000010101 (  80)                 LD    R0 newLine
(3020) F021  1111000000100001 (  81)                 TRAP  x21
(3021) 5020  0101000000100000 (  83)                 AND   R0 R0 #0
(3022) 7084  0111000010000100 (  84)                 STR   R0 R2 #4
(3023) 2011  0010000000010001 (  86)                 LD    R0 newLine
(3024) F021  1111000000100001 (  87)                 TRAP  x21
(3025) E010  1110000000010000 (  89)                 LEA   R0 print
(3026) F022  1111000000100010 (  90)                 TRAP  x22
(3027) E008  1110000000001000 (  92)                 LEA   R0 array
(3028) F022  1111000000100010 (  93)                 TRAP  x22
(3029) 200B  0010000000001011 (  95)                 LD    R0 newLine
(302A) F021  1111000000100001 (  96)                 TRAP  x21
(302B) 2009  0010000000001001 (  98)                 LD    R0 newLine
(302C) F021  1111000000100001 (  99)                 TRAP  x21
(302D) E049  1110000001001001 ( 101)                 LEA   R0 term
(302E) F022  1111000000100010 ( 102)                 TRAP  x22
(302F) F025  1111000000100101 ( 105) MyMainEnd       TRAP  x25
(3030) 0000  0000000000000000 ( 117) array           .FILL x0000
(3031) 0000  0000000000000000 ( 117)                 .FILL x0000
(3032) 0000  0000000000000000 ( 117)                 .FILL x0000
(3033) 0000  0000000000000000 ( 117)                 .FILL x0000
(3034) 0000  0000000000000000 ( 117)                 .FILL x0000
(3035) 000A  0000000000001010 ( 117) newLine         .FILL x000A
(3036) 0059  0000000001011001 ( 118) print           .FILL x0059
(3037) 006F  0000000001101111 ( 118)                 .FILL x006F
(3038) 0075  0000000001110101 ( 118)                 .FILL x0075
(3039) 0020  0000000000100000 ( 118)                 .FILL x0020
(303A) 0069  0000000001101001 ( 118)                 .FILL x0069
(303B) 006E  0000000001101110 ( 118)                 .FILL x006E
(303C) 0070  0000000001110000 ( 118)                 .FILL x0070
(303D) 0075  0000000001110101 ( 118)                 .FILL x0075
(303E) 0074  0000000001110100 ( 118)                 .FILL x0074
(303F) 0020  0000000000100000 ( 118)                 .FILL x0020
(3040) 0074  0000000001110100 ( 118)                 .FILL x0074
(3041) 0068  0000000001101000 ( 118)                 .FILL x0068
(3042) 0065  0000000001100101 ( 118)                 .FILL x0065
(3043) 0020  0000000000100000 ( 118)                 .FILL x0020
(3044) 0063  0000000001100011 ( 118)                 .FILL x0063
(3045) 0068  0000000001101000 ( 118)                 .FILL x0068
(3046) 0061  0000000001100001 ( 118)                 .FILL x0061
(3047) 0072  0000000001110010 ( 118)                 .FILL x0072
(3048) 0061  0000000001100001 ( 118)                 .FILL x0061
(3049) 0063  0000000001100011 ( 118)                 .FILL x0063
(304A) 0074  0000000001110100 ( 118)                 .FILL x0074
(304B) 0065  0000000001100101 ( 118)                 .FILL x0065
(304C) 0072  0000000001110010 ( 118)                 .FILL x0072
(304D) 0073  0000000001110011 ( 118)                 .FILL x0073
(304E) 003A  0000000000111010 ( 118)                 .FILL x003A
(304F) 0020  0000000000100000 ( 118)                 .FILL x0020
(3050) 0000  0000000000000000 ( 118)                 .FILL x0000
(3051) 0043  0000000001000011 ( 120) template        .FILL x0043
(3052) 0053  0000000001010011 ( 120)                 .FILL x0053
(3053) 0032  0000000000110010 ( 120)                 .FILL x0032
(3054) 0038  0000000000111000 ( 120)                 .FILL x0038
(3055) 0031  0000000000110001 ( 120)                 .FILL x0031
(3056) 0030  0000000000110000 ( 120)                 .FILL x0030
(3057) 002D  0000000000101101 ( 120)                 .FILL x002D
(3058) 0036  0000000000110110 ( 120)                 .FILL x0036
(3059) 0030  0000000000110000 ( 120)                 .FILL x0030
(305A) 0031  0000000000110001 ( 120)                 .FILL x0031
(305B) 000A  0000000000001010 ( 120)                 .FILL x000A
(305C) 004C  0000000001001100 ( 120)                 .FILL x004C
(305D) 0065  0000000001100101 ( 120)                 .FILL x0065
(305E) 0068  0000000001101000 ( 120)                 .FILL x0068
(305F) 0069  0000000001101001 ( 120)                 .FILL x0069
(3060) 0020  0000000000100000 ( 120)                 .FILL x0020
(3061) 0041  0000000001000001 ( 120)                 .FILL x0041
(3062) 006C  0000000001101100 ( 120)                 .FILL x006C
(3063) 0063  0000000001100011 ( 120)                 .FILL x0063
(3064) 0061  0000000001100001 ( 120)                 .FILL x0061
(3065) 006E  0000000001101110 ( 120)                 .FILL x006E
(3066) 0074  0000000001110100 ( 120)                 .FILL x0074
(3067) 0061  0000000001100001 ( 120)                 .FILL x0061
(3068) 0072  0000000001110010 ( 120)                 .FILL x0072
(3069) 0061  0000000001100001 ( 120)                 .FILL x0061
(306A) 000A  0000000000001010 ( 120)                 .FILL x000A
(306B) 0050  0000000001010000 ( 120)                 .FILL x0050
(306C) 0072  0000000001110010 ( 120)                 .FILL x0072
(306D) 006F  0000000001101111 ( 120)                 .FILL x006F
(306E) 006A  0000000001101010 ( 120)                 .FILL x006A
(306F) 0065  0000000001100101 ( 120)                 .FILL x0065
(3070) 0063  0000000001100011 ( 120)                 .FILL x0063
(3071) 0074  0000000001110100 ( 120)                 .FILL x0074
(3072) 0020  0000000000100000 ( 120)                 .FILL x0020
(3073) 0023  0000000000100011 ( 120)                 .FILL x0023
(3074) 0032  0000000000110010 ( 120)                 .FILL x0032
(3075) 000A  0000000000001010 ( 120)                 .FILL x000A
(3076) 0000  0000000000000000 ( 120)                 .FILL x0000
(3077) 0050  0000000001010000 ( 121) term            .FILL x0050
(3078) 0072  0000000001110010 ( 121)                 .FILL x0072
(3079) 006F  0000000001101111 ( 121)                 .FILL x006F
(307A) 0067  0000000001100111 ( 121)                 .FILL x0067
(307B) 0072  0000000001110010 ( 121)                 .FILL x0072
(307C) 0061  0000000001100001 ( 121)                 .FILL x0061
(307D) 006D  0000000001101101 ( 121)                 .FILL x006D
(307E) 0020  0000000000100000 ( 121)                 .FILL x0020
(307F) 0065  0000000001100101 ( 121)                 .FILL x0065
(3080) 0078  0000000001111000 ( 121)                 .FILL x0078
(3081) 0065  0000000001100101 ( 121)                 .FILL x0065
(3082) 0063  0000000001100011 ( 121)                 .FILL x0063
(3083) 0075  0000000001110101 ( 121)                 .FILL x0075
(3084) 0074  0000000001110100 ( 121)                 .FILL x0074
(3085) 0069  0000000001101001 ( 121)                 .FILL x0069
(3086) 006F  0000000001101111 ( 121)                 .FILL x006F
(3087) 006E  0000000001101110 ( 121)                 .FILL x006E
(3088) 0020  0000000000100000 ( 121)                 .FILL x0020
(3089) 0074  0000000001110100 ( 121)                 .FILL x0074
(308A) 0065  0000000001100101 ( 121)                 .FILL x0065
(308B) 0072  0000000001110010 ( 121)                 .FILL x0072
(308C) 006D  0000000001101101 ( 121)                 .FILL x006D
(308D) 0069  0000000001101001 ( 121)                 .FILL x0069
(308E) 006E  0000000001101110 ( 121)                 .FILL x006E
(308F) 0061  0000000001100001 ( 121)                 .FILL x0061
(3090) 0074  0000000001110100 ( 121)                 .FILL x0074
(3091) 0065  0000000001100101 ( 121)                 .FILL x0065
(3092) 0064  0000000001100100 ( 121)                 .FILL x0064
(3093) 0021  0000000000100001 ( 121)                 .FILL x0021
(3094) 000A  0000000000001010 ( 121)                 .FILL x000A
(3095) 0000  0000000000000000 ( 121)                 .FILL x0000
(3096) 0050  0000000001010000 ( 122) message         .FILL x0050
(3097) 006C  0000000001101100 ( 122)                 .FILL x006C
(3098) 0065  0000000001100101 ( 122)                 .FILL x0065
(3099) 0061  0000000001100001 ( 122)                 .FILL x0061
(309A) 0073  0000000001110011 ( 122)                 .FILL x0073
(309B) 0065  0000000001100101 ( 122)                 .FILL x0065
(309C) 0020  0000000000100000 ( 122)                 .FILL x0020
(309D) 0069  0000000001101001 ( 122)                 .FILL x0069
(309E) 006E  0000000001101110 ( 122)                 .FILL x006E
(309F) 0070  0000000001110000 ( 122)                 .FILL x0070
(30A0) 0075  0000000001110101 ( 122)                 .FILL x0075
(30A1) 0074  0000000001110100 ( 122)                 .FILL x0074
(30A2) 0020  0000000000100000 ( 122)                 .FILL x0020
(30A3) 0061  0000000001100001 ( 122)                 .FILL x0061
(30A4) 0020  0000000000100000 ( 122)                 .FILL x0020
(30A5) 0063  0000000001100011 ( 122)                 .FILL x0063
(30A6) 0068  0000000001101000 ( 122)                 .FILL x0068
(30A7) 0061  0000000001100001 ( 122)                 .FILL x0061
(30A8) 0072  0000000001110010 ( 122)                 .FILL x0072
(30A9) 0061  0000000001100001 ( 122)                 .FILL x0061
(30AA) 0063  0000000001100011 ( 122)                 .FILL x0063
(30AB) 0074  0000000001110100 ( 122)                 .FILL x0074
(30AC) 0065  0000000001100101 ( 122)                 .FILL x0065
(30AD) 0072  0000000001110010 ( 122)                 .FILL x0072
(30AE) 003A  0000000000111010 ( 122)                 .FILL x003A
(30AF) 0020  0000000000100000 ( 122)                 .FILL x0020
(30B0) 0000  0000000000000000 ( 122)                 .FILL x0000
